<?xml version="1.0" encoding="UTF-8"?>
<testsuites>
  <testsuite name="Validate_SJG_project_card_selected" timestamp="2020-07-27T22:43:02" time="0.102" tests="1" failures="0" errors="0" skipped="0">
    <properties>
      <property name="specId" value="0"/>
      <property name="suiteName" value="Validate SJG project card selected"/>
      <property name="capabilities" value="chrome.84_0_4147_89.windows"/>
      <property name="file" value=".\test\Login.test.js"/>
    </properties>
    <testcase classname="chrome.84_0_4147_89.windows.Validate_SJG_project_card_selected" name="Login_to_testfieldbook" time="0.1">
      <system-out>
        <![CDATA[
COMMAND: DELETE /session/329dfd72d6064cc715df33626889a679 - {}
RESULT: {}
]]>
      </system-out>
    </testcase>
  </testsuite>
</testsuites>