<?xml version="1.0" encoding="UTF-8"?>
<testsuites>
  <testsuite name="Verifying_document_finder_count_displayed" timestamp="2020-08-26T18:24:33" time="87.542" tests="1" failures="0" errors="0" skipped="0">
    <properties>
      <property name="specId" value="0"/>
      <property name="suiteName" value="Verifying document finder count displayed"/>
      <property name="capabilities" value="chrome.84_0_4147_135.windows"/>
      <property name="file" value=".\test\documentFInder.test.js"/>
    </properties>
    <testcase classname="chrome.84_0_4147_135.windows.Verifying_document_finder_count_displayed" name="verify_main_asbuilt_service_asbuilt_count_by_town_and_street_and_advanced_search" time="87.539">
      <system-out>
        <![CDATA[
COMMAND: POST /session/45739b35a95f87223a1825fddec83d50/element - {"using":"css selector","value":"#dmsButton_label"}
RESULT: {"using":"css selector","value":"#dmsButton_label"}
COMMAND: POST /session/45739b35a95f87223a1825fddec83d50/element/abcca5c4-d81d-4397-a587-c647aed3a743/click - {}
RESULT: {}
COMMAND: POST /session/45739b35a95f87223a1825fddec83d50/element - {"using":"link text","value":"Towns"}
RESULT: {"using":"link text","value":"Towns"}
COMMAND: POST /session/45739b35a95f87223a1825fddec83d50/elements - {"using":"link text","value":"Towns"}
RESULT: {"using":"link text","value":"Towns"}
COMMAND: POST /session/45739b35a95f87223a1825fddec83d50/element - {"using":"link text","value":"Towns"}
RESULT: {"using":"link text","value":"Towns"}
COMMAND: POST /session/45739b35a95f87223a1825fddec83d50/element/fb937d22-f7bc-4bc9-ba17-f119e61f8fe5/click - {}
RESULT: {}
COMMAND: POST /session/45739b35a95f87223a1825fddec83d50/element - {"using":"link text","value":"Cape May City"}
RESULT: {"using":"link text","value":"Cape May City"}
COMMAND: POST /session/45739b35a95f87223a1825fddec83d50/element/13b1ef80-2a57-4550-bab5-b7711a016ead/click - {}
RESULT: {}
COMMAND: POST /session/45739b35a95f87223a1825fddec83d50/element - {"using":"link text","value":"Baltimore Ave"}
RESULT: {"using":"link text","value":"Baltimore Ave"}
COMMAND: POST /session/45739b35a95f87223a1825fddec83d50/element/005e363d-9228-47a5-b15e-73537270d269/click - {}
RESULT: {}
COMMAND: POST /session/45739b35a95f87223a1825fddec83d50/element - {"using":"partial link text","value":"Main"}
RESULT: {"using":"partial link text","value":"Main"}
COMMAND: GET /session/45739b35a95f87223a1825fddec83d50/element/435b95ab-d486-41a7-bb99-c261a049f8f4/text - {}
RESULT: {}
COMMAND: POST /session/45739b35a95f87223a1825fddec83d50/element - {"using":"partial link text","value":"Main"}
RESULT: {"using":"partial link text","value":"Main"}
COMMAND: POST /session/45739b35a95f87223a1825fddec83d50/elements - {"using":"partial link text","value":"Main"}
RESULT: {"using":"partial link text","value":"Main"}
COMMAND: POST /session/45739b35a95f87223a1825fddec83d50/element - {"using":"partial link text","value":"Main"}
RESULT: {"using":"partial link text","value":"Main"}
COMMAND: POST /session/45739b35a95f87223a1825fddec83d50/element/435b95ab-d486-41a7-bb99-c261a049f8f4/click - {}
RESULT: {}
COMMAND: POST /session/45739b35a95f87223a1825fddec83d50/element - {"using":"xpath","value":"//*[@id=\"kendoPSEGDocumentsGrid\"]/div[5]/span[2]"}
RESULT: {"using":"xpath","value":"//*[@id=\"kendoPSEGDocumentsGrid\"]/div[5]/span[2]"}
COMMAND: POST /session/45739b35a95f87223a1825fddec83d50/execute/sync - {"script":"return (function (elem, options) {\n    elem.scrollIntoView(options);\n  }).apply(null, arguments)","args":[{"element-6066-11e4-a52e-4f735466cecf":"0ed0d7cf-9262-4080-a6ba-2a8a540c10a5","ELEMENT":"0ed0d7cf-9262-4080-a6ba-2a8a540c10a5"},true]}
RESULT: {"script":"return (function (elem, options) {\n    elem.scrollIntoView(options);\n  }).apply(null, arguments)","args":[{"element-6066-11e4-a52e-4f735466cecf":"0ed0d7cf-9262-4080-a6ba-2a8a540c10a5","ELEMENT":"0ed0d7cf-9262-4080-a6ba-2a8a540c10a5"},true]}
COMMAND: POST /session/45739b35a95f87223a1825fddec83d50/element - {"using":"xpath","value":"//*[@id=\"kendoPSEGDocumentsGrid\"]/div[5]/span[2]"}
RESULT: {"using":"xpath","value":"//*[@id=\"kendoPSEGDocumentsGrid\"]/div[5]/span[2]"}
COMMAND: GET /session/45739b35a95f87223a1825fddec83d50/element/0ed0d7cf-9262-4080-a6ba-2a8a540c10a5/text - {}
RESULT: {}
COMMAND: POST /session/45739b35a95f87223a1825fddec83d50/element - {"using":"link text","value":"Towns"}
RESULT: {"using":"link text","value":"Towns"}
COMMAND: POST /session/45739b35a95f87223a1825fddec83d50/element/fb937d22-f7bc-4bc9-ba17-f119e61f8fe5/click - {}
RESULT: {}
COMMAND: POST /session/45739b35a95f87223a1825fddec83d50/element - {"using":"link text","value":"Cape May City"}
RESULT: {"using":"link text","value":"Cape May City"}
COMMAND: POST /session/45739b35a95f87223a1825fddec83d50/element/13b1ef80-2a57-4550-bab5-b7711a016ead/click - {}
RESULT: {}
COMMAND: POST /session/45739b35a95f87223a1825fddec83d50/element - {"using":"link text","value":"Falcon Ridge Rd"}
RESULT: {"using":"link text","value":"Falcon Ridge Rd"}
COMMAND: POST /session/45739b35a95f87223a1825fddec83d50/element/a29e917c-38a4-44ad-ac6b-807c2c1e968f/click - {}
RESULT: {}
COMMAND: POST /session/45739b35a95f87223a1825fddec83d50/element - {"using":"partial link text","value":"Service"}
RESULT: {"using":"partial link text","value":"Service"}
COMMAND: GET /session/45739b35a95f87223a1825fddec83d50/element/f510c6f1-31a2-40b0-acbd-f0a101030bba/text - {}
RESULT: {}
COMMAND: POST /session/45739b35a95f87223a1825fddec83d50/element - {"using":"partial link text","value":"Service"}
RESULT: {"using":"partial link text","value":"Service"}
COMMAND: POST /session/45739b35a95f87223a1825fddec83d50/elements - {"using":"partial link text","value":"Service"}
RESULT: {"using":"partial link text","value":"Service"}
COMMAND: POST /session/45739b35a95f87223a1825fddec83d50/element - {"using":"partial link text","value":"Service"}
RESULT: {"using":"partial link text","value":"Service"}
COMMAND: POST /session/45739b35a95f87223a1825fddec83d50/element/f510c6f1-31a2-40b0-acbd-f0a101030bba/click - {}
RESULT: {}
COMMAND: POST /session/45739b35a95f87223a1825fddec83d50/element - {"using":"xpath","value":"//*[@id=\"kendoPSEGDocumentsGrid\"]/div[5]/span[2]"}
RESULT: {"using":"xpath","value":"//*[@id=\"kendoPSEGDocumentsGrid\"]/div[5]/span[2]"}
COMMAND: POST /session/45739b35a95f87223a1825fddec83d50/execute/sync - {"script":"return (function (elem, options) {\n    elem.scrollIntoView(options);\n  }).apply(null, arguments)","args":[{"element-6066-11e4-a52e-4f735466cecf":"daf49152-4093-4d66-8ad1-64e09f4a6b5a","ELEMENT":"daf49152-4093-4d66-8ad1-64e09f4a6b5a"},true]}
RESULT: {"script":"return (function (elem, options) {\n    elem.scrollIntoView(options);\n  }).apply(null, arguments)","args":[{"element-6066-11e4-a52e-4f735466cecf":"daf49152-4093-4d66-8ad1-64e09f4a6b5a","ELEMENT":"daf49152-4093-4d66-8ad1-64e09f4a6b5a"},true]}
COMMAND: POST /session/45739b35a95f87223a1825fddec83d50/element - {"using":"xpath","value":"//*[@id=\"kendoPSEGDocumentsGrid\"]/div[5]/span[2]"}
RESULT: {"using":"xpath","value":"//*[@id=\"kendoPSEGDocumentsGrid\"]/div[5]/span[2]"}
COMMAND: GET /session/45739b35a95f87223a1825fddec83d50/element/daf49152-4093-4d66-8ad1-64e09f4a6b5a/text - {}
RESULT: {}
COMMAND: POST /session/45739b35a95f87223a1825fddec83d50/element - {"using":"xpath","value":"//*[@id=\"tabSearch\"]"}
RESULT: {"using":"xpath","value":"//*[@id=\"tabSearch\"]"}
COMMAND: POST /session/45739b35a95f87223a1825fddec83d50/element/fbbd5d11-2a55-4ca0-9f1f-7c0fd62c526d/click - {}
RESULT: {}
COMMAND: POST /session/45739b35a95f87223a1825fddec83d50/element - {"using":"xpath","value":"//*[@id=\"advanceSearch\"]/div/div[1]/div[1]/span/span"}
RESULT: {"using":"xpath","value":"//*[@id=\"advanceSearch\"]/div/div[1]/div[1]/span/span"}
COMMAND: POST /session/45739b35a95f87223a1825fddec83d50/element/4df67314-fcff-4d3a-963b-0e130f5cdb3b/click - {}
RESULT: {}
COMMAND: POST /session/45739b35a95f87223a1825fddec83d50/element - {"using":"xpath","value":"//*[@id=\"advDivision-list\"]/span/input"}
RESULT: {"using":"xpath","value":"//*[@id=\"advDivision-list\"]/span/input"}
COMMAND: POST /session/45739b35a95f87223a1825fddec83d50/element/c6bae7a4-fcbb-400d-9a3f-38bbc5a9d445/clear - {}
RESULT: {}
COMMAND: POST /session/45739b35a95f87223a1825fddec83d50/element/c6bae7a4-fcbb-400d-9a3f-38bbc5a9d445/value - {"text":"ATLANTIC"}
RESULT: {"text":"ATLANTIC"}
COMMAND: POST /session/45739b35a95f87223a1825fddec83d50/actions - {"actions":[{"type":"key","id":"keyboard","actions":[{"type":"keyDown","value":""},{"type":"keyUp","value":""}]}]}
RESULT: {"actions":[{"type":"key","id":"keyboard","actions":[{"type":"keyDown","value":""},{"type":"keyUp","value":""}]}]}
COMMAND: DELETE /session/45739b35a95f87223a1825fddec83d50/actions - {}
RESULT: {}
COMMAND: POST /session/45739b35a95f87223a1825fddec83d50/element - {"using":"xpath","value":"//*[@id=\"advanceSearch\"]/div/div[1]/div[2]/span/span"}
RESULT: {"using":"xpath","value":"//*[@id=\"advanceSearch\"]/div/div[1]/div[2]/span/span"}
COMMAND: POST /session/45739b35a95f87223a1825fddec83d50/element/a5d30bee-8ab9-4b5b-a6b9-7842fa69c1fe/click - {}
RESULT: {}
COMMAND: POST /session/45739b35a95f87223a1825fddec83d50/element - {"using":"xpath","value":"//*[@id=\"advTown-list\"]/span/input"}
RESULT: {"using":"xpath","value":"//*[@id=\"advTown-list\"]/span/input"}
COMMAND: POST /session/45739b35a95f87223a1825fddec83d50/element/8111cbb3-b6b6-4971-ad59-1a76a017ef38/clear - {}
RESULT: {}
COMMAND: POST /session/45739b35a95f87223a1825fddec83d50/element/8111cbb3-b6b6-4971-ad59-1a76a017ef38/value - {"text":"ATLANTIC CITY"}
RESULT: {"text":"ATLANTIC CITY"}
COMMAND: POST /session/45739b35a95f87223a1825fddec83d50/actions - {"actions":[{"type":"key","id":"keyboard","actions":[{"type":"keyDown","value":""},{"type":"keyUp","value":""}]}]}
RESULT: {"actions":[{"type":"key","id":"keyboard","actions":[{"type":"keyDown","value":""},{"type":"keyUp","value":""}]}]}
COMMAND: DELETE /session/45739b35a95f87223a1825fddec83d50/actions - {}
RESULT: {}
COMMAND: POST /session/45739b35a95f87223a1825fddec83d50/element - {"using":"xpath","value":"//*[@id=\"advanceSearch\"]/div/div[1]/div[3]/span/span"}
RESULT: {"using":"xpath","value":"//*[@id=\"advanceSearch\"]/div/div[1]/div[3]/span/span"}
COMMAND: POST /session/45739b35a95f87223a1825fddec83d50/element/d3c1e4f6-a966-40eb-9966-666510ebc718/click - {}
RESULT: {}
COMMAND: POST /session/45739b35a95f87223a1825fddec83d50/element - {"using":"xpath","value":"//*[@id=\"advStreet-list\"]/span/input"}
RESULT: {"using":"xpath","value":"//*[@id=\"advStreet-list\"]/span/input"}
COMMAND: POST /session/45739b35a95f87223a1825fddec83d50/element/06277fb2-1c38-446e-8b89-d4df462f2791/clear - {}
RESULT: {}
COMMAND: POST /session/45739b35a95f87223a1825fddec83d50/element/06277fb2-1c38-446e-8b89-d4df462f2791/value - {"text":"INDEPENDENCE AVE"}
RESULT: {"text":"INDEPENDENCE AVE"}
COMMAND: POST /session/45739b35a95f87223a1825fddec83d50/actions - {"actions":[{"type":"key","id":"keyboard","actions":[{"type":"keyDown","value":""},{"type":"keyUp","value":""}]}]}
RESULT: {"actions":[{"type":"key","id":"keyboard","actions":[{"type":"keyDown","value":""},{"type":"keyUp","value":""}]}]}
COMMAND: DELETE /session/45739b35a95f87223a1825fddec83d50/actions - {}
RESULT: {}
COMMAND: POST /session/45739b35a95f87223a1825fddec83d50/element - {"using":"xpath","value":"//*[@id=\"advanceSearch\"]/div/div[1]/div[4]/span/span"}
RESULT: {"using":"xpath","value":"//*[@id=\"advanceSearch\"]/div/div[1]/div[4]/span/span"}
COMMAND: POST /session/45739b35a95f87223a1825fddec83d50/element/e2605ff6-4ac5-4d87-a644-b754b1b81854/click - {}
RESULT: {}
COMMAND: POST /session/45739b35a95f87223a1825fddec83d50/element - {"using":"xpath","value":"//*[@id=\"advDocument-list\"]/span/input"}
RESULT: {"using":"xpath","value":"//*[@id=\"advDocument-list\"]/span/input"}
COMMAND: POST /session/45739b35a95f87223a1825fddec83d50/element/48d5a35f-53ba-44b7-8b03-5cd6b132aa6a/clear - {}
RESULT: {}
COMMAND: POST /session/45739b35a95f87223a1825fddec83d50/element/48d5a35f-53ba-44b7-8b03-5cd6b132aa6a/value - {"text":"Main Asbuilt"}
RESULT: {"text":"Main Asbuilt"}
COMMAND: POST /session/45739b35a95f87223a1825fddec83d50/actions - {"actions":[{"type":"key","id":"keyboard","actions":[{"type":"keyDown","value":""},{"type":"keyUp","value":""}]}]}
RESULT: {"actions":[{"type":"key","id":"keyboard","actions":[{"type":"keyDown","value":""},{"type":"keyUp","value":""}]}]}
COMMAND: DELETE /session/45739b35a95f87223a1825fddec83d50/actions - {}
RESULT: {}
COMMAND: POST /session/45739b35a95f87223a1825fddec83d50/element - {"using":"xpath","value":"//*[@id=\"advFind\"]"}
RESULT: {"using":"xpath","value":"//*[@id=\"advFind\"]"}
COMMAND: POST /session/45739b35a95f87223a1825fddec83d50/element/2e8a0976-3339-425d-be7d-830e4dc11a67/click - {}
RESULT: {}
COMMAND: POST /session/45739b35a95f87223a1825fddec83d50/element - {"using":"xpath","value":"//*[@id=\"lblCount\"]"}
RESULT: {"using":"xpath","value":"//*[@id=\"lblCount\"]"}
COMMAND: GET /session/45739b35a95f87223a1825fddec83d50/element/e4577815-e329-431a-a481-b75c1d1dd13d/text - {}
RESULT: {}
COMMAND: POST /session/45739b35a95f87223a1825fddec83d50/element - {"using":"xpath","value":"//*[@id=\"AdvDocumentsGrid\"]/div[5]/span[2]"}
RESULT: {"using":"xpath","value":"//*[@id=\"AdvDocumentsGrid\"]/div[5]/span[2]"}
COMMAND: GET /session/45739b35a95f87223a1825fddec83d50/element/378abeca-7e30-4dab-a425-e4a2a7e93a24/text - {}
RESULT: {}
COMMAND: DELETE /session/45739b35a95f87223a1825fddec83d50 - {}
RESULT: {}
]]>
      </system-out>
    </testcase>
  </testsuite>
</testsuites>