<?xml version="1.0" encoding="UTF-8"?>
<testsuites>
  <testsuite name="Verifying_Google_StreetView" timestamp="2020-08-26T18:48:48" time="32.518" tests="1" failures="0" errors="0" skipped="0">
    <properties>
      <property name="specId" value="0"/>
      <property name="suiteName" value="Verifying Google StreetView"/>
      <property name="capabilities" value="chrome.84_0_4147_135.windows"/>
      <property name="file" value=".\test\streetView.test.js"/>
    </properties>
    <testcase classname="chrome.84_0_4147_135.windows.Verifying_Google_StreetView" name="Should_verify_Google_streetview" time="32.515">
      <system-out>
        <![CDATA[
COMMAND: POST /session/481aaa04a4d50210adfab739ffff92a9/element - {"using":"css selector","value":"#searchButton"}
RESULT: {"using":"css selector","value":"#searchButton"}
COMMAND: POST /session/481aaa04a4d50210adfab739ffff92a9/element/00f2a6f2-98e5-4835-bff7-8b359fbc15e4/click - {}
RESULT: {}
COMMAND: POST /session/481aaa04a4d50210adfab739ffff92a9/element - {"using":"css selector","value":"#searchBox"}
RESULT: {"using":"css selector","value":"#searchBox"}
COMMAND: POST /session/481aaa04a4d50210adfab739ffff92a9/element/71831ca5-ef85-4bb3-ba84-89d6b6b8c069/value - {"text":"2701 Shore Road, Ocean View, NJ 08230, USA"}
RESULT: {"text":"2701 Shore Road, Ocean View, NJ 08230, USA"}
COMMAND: POST /session/481aaa04a4d50210adfab739ffff92a9/element - {"using":"css selector","value":"#searchWidgetButton"}
RESULT: {"using":"css selector","value":"#searchWidgetButton"}
COMMAND: POST /session/481aaa04a4d50210adfab739ffff92a9/element/06bea58e-c8c6-4c9e-8a65-6563acd59fec/click - {}
RESULT: {}
COMMAND: POST /session/481aaa04a4d50210adfab739ffff92a9/element - {"using":"xpath","value":"//*[@id=\"kendoSearchGrid\"]/div[4]/table/tbody/tr"}
RESULT: {"using":"xpath","value":"//*[@id=\"kendoSearchGrid\"]/div[4]/table/tbody/tr"}
COMMAND: POST /session/481aaa04a4d50210adfab739ffff92a9/elements - {"using":"xpath","value":"//*[@id=\"kendoSearchGrid\"]/div[4]/table/tbody/tr"}
RESULT: {"using":"xpath","value":"//*[@id=\"kendoSearchGrid\"]/div[4]/table/tbody/tr"}
COMMAND: POST /session/481aaa04a4d50210adfab739ffff92a9/elements - {"using":"xpath","value":"//*[@id=\"kendoSearchGrid\"]/div[4]/table/tbody/tr"}
RESULT: {"using":"xpath","value":"//*[@id=\"kendoSearchGrid\"]/div[4]/table/tbody/tr"}
COMMAND: POST /session/481aaa04a4d50210adfab739ffff92a9/elements - {"using":"xpath","value":"//*[@id=\"kendoSearchGrid\"]/div[4]/table/tbody/tr"}
RESULT: {"using":"xpath","value":"//*[@id=\"kendoSearchGrid\"]/div[4]/table/tbody/tr"}
COMMAND: POST /session/481aaa04a4d50210adfab739ffff92a9/element - {"using":"xpath","value":"//*[@id=\"kendoSearchGrid\"]/div[4]/table/tbody/tr"}
RESULT: {"using":"xpath","value":"//*[@id=\"kendoSearchGrid\"]/div[4]/table/tbody/tr"}
COMMAND: POST /session/481aaa04a4d50210adfab739ffff92a9/element/c141f204-669e-4522-9fe0-ca210792caed/click - {}
RESULT: {}
COMMAND: POST /session/481aaa04a4d50210adfab739ffff92a9/element - {"using":"xpath","value":"/html/body/div[12]/div[1]/div/a[2]/span"}
RESULT: {"using":"xpath","value":"/html/body/div[12]/div[1]/div/a[2]/span"}
COMMAND: POST /session/481aaa04a4d50210adfab739ffff92a9/elements - {"using":"xpath","value":"/html/body/div[12]/div[1]/div/a[2]/span"}
RESULT: {"using":"xpath","value":"/html/body/div[12]/div[1]/div/a[2]/span"}
COMMAND: POST /session/481aaa04a4d50210adfab739ffff92a9/elements - {"using":"xpath","value":"/html/body/div[12]/div[1]/div/a[2]/span"}
RESULT: {"using":"xpath","value":"/html/body/div[12]/div[1]/div/a[2]/span"}
COMMAND: POST /session/481aaa04a4d50210adfab739ffff92a9/element - {"using":"xpath","value":"/html/body/div[12]/div[1]/div/a[2]/span"}
RESULT: {"using":"xpath","value":"/html/body/div[12]/div[1]/div/a[2]/span"}
COMMAND: POST /session/481aaa04a4d50210adfab739ffff92a9/element/b2877a1e-d78d-4428-b34b-5981c5c4cbdd/click - {}
RESULT: {}
COMMAND: POST /session/481aaa04a4d50210adfab739ffff92a9/element - {"using":"css selector","value":"#streetviewButton_label"}
RESULT: {"using":"css selector","value":"#streetviewButton_label"}
COMMAND: POST /session/481aaa04a4d50210adfab739ffff92a9/element/c97a9320-f0b7-4ecb-bd7c-bd47a04f2dbe/click - {}
RESULT: {}
COMMAND: POST /session/481aaa04a4d50210adfab739ffff92a9/element - {"using":"css selector","value":"#Powerbireports_label"}
RESULT: {"using":"css selector","value":"#Powerbireports_label"}
COMMAND: POST /session/481aaa04a4d50210adfab739ffff92a9/actions - {"actions":[{"type":"pointer","id":"pointer1","parameters":{"pointerType":"mouse"},"actions":[{"type":"pointerMove","origin":{"sessionId":"481aaa04a4d50210adfab739ffff92a9","elementId":"f519d557-e70d-45cd-879d-c01fc1313377","element-6066-11e4-a52e-4f735466cecf":"f519d557-e70d-45cd-879d-c01fc1313377","selector":"#Powerbireports_label","parent":{"capabilities":{"acceptInsecureCerts":false,"browserName":"chrome","browserVersion":"84.0.4147.135","chrome":{"chromedriverVersion":"84.0.4147.30 (48b3e868b4cc0aa7e8149519690b6f6949e110a8-refs/branch-heads/4147@{#310})","userDataDir":"C:\\Users\\Alok's\\AppData\\Local\\Temp\\scoped_dir11204_1766174958"},"goog:chromeOptions":{"debuggerAddress":"localhost:52601"},"networkConnectionEnabled":false,"pageLoadStrategy":"normal","platformName":"windows","proxy":{},"setWindowRect":true,"_":"5 more keys: [\"strictFileInteractability\",\"timeouts\",\"unhandledPromptBehavior\",\"webauthn:virtualAuthenticators\",\"webdriver.remote.sessionid\"]"},"config":{"specs":["C:\\Users\\Alok's\\Documents\\WebDriverIO\\test\\streetView.test.js"],"suites":{},"exclude":[],"logLevel":"info","logLevels":{},"excludeDriverLogs":[],"bail":0,"waitforInterval":500,"waitforTimeout":300000,"framework":"mocha","_":"41 more keys: [\"reporters\",\"services\",\"maxInstances\",\"maxInstancesPerCapability\",\"filesToWatch\",\"connectionRetryTimeout\",\"connectionRetryCount\",\"execArgv\",\"runnerEnv\",\"runner\",\"mochaOpts\",\"jasmineNodeOpts\",\"cucumberOpts\",\"onPrepare\",\"onWorkerStart\",\"before\",\"beforeSession\",\"beforeSuite\",\"beforeHook\",\"beforeTest\",\"beforeCommand\",\"afterCommand\",\"afterTest\",\"afterHook\",\"afterSuite\",\"afterSession\",\"after\",\"onComplete\",\"onReload\",\"beforeFeature\",\"beforeScenario\",\"beforeStep\",\"afterStep\",\"afterScenario\",\"afterFeature\",\"baseUrl\",\"_\",\"spec\",\"$0\",\"ignoredWorkerServices\",\"specFileRetryAttempts\"]"},"_NOT_FIBER":true},"isReactElement":false,"_NOT_FIBER":false},"x":227,"y":295},{"type":"pointerDown","button":0},{"type":"pointerUp","button":0}]}]}
RESULT: {"actions":[{"type":"pointer","id":"pointer1","parameters":{"pointerType":"mouse"},"actions":[{"type":"pointerMove","origin":{"sessionId":"481aaa04a4d50210adfab739ffff92a9","elementId":"f519d557-e70d-45cd-879d-c01fc1313377","element-6066-11e4-a52e-4f735466cecf":"f519d557-e70d-45cd-879d-c01fc1313377","selector":"#Powerbireports_label","parent":{"capabilities":{"acceptInsecureCerts":false,"browserName":"chrome","browserVersion":"84.0.4147.135","chrome":{"chromedriverVersion":"84.0.4147.30 (48b3e868b4cc0aa7e8149519690b6f6949e110a8-refs/branch-heads/4147@{#310})","userDataDir":"C:\\Users\\Alok's\\AppData\\Local\\Temp\\scoped_dir11204_1766174958"},"goog:chromeOptions":{"debuggerAddress":"localhost:52601"},"networkConnectionEnabled":false,"pageLoadStrategy":"normal","platformName":"windows","proxy":{},"setWindowRect":true,"_":"5 more keys: [\"strictFileInteractability\",\"timeouts\",\"unhandledPromptBehavior\",\"webauthn:virtualAuthenticators\",\"webdriver.remote.sessionid\"]"},"config":{"specs":["C:\\Users\\Alok's\\Documents\\WebDriverIO\\test\\streetView.test.js"],"suites":{},"exclude":[],"logLevel":"info","logLevels":{},"excludeDriverLogs":[],"bail":0,"waitforInterval":500,"waitforTimeout":300000,"framework":"mocha","_":"41 more keys: [\"reporters\",\"services\",\"maxInstances\",\"maxInstancesPerCapability\",\"filesToWatch\",\"connectionRetryTimeout\",\"connectionRetryCount\",\"execArgv\",\"runnerEnv\",\"runner\",\"mochaOpts\",\"jasmineNodeOpts\",\"cucumberOpts\",\"onPrepare\",\"onWorkerStart\",\"before\",\"beforeSession\",\"beforeSuite\",\"beforeHook\",\"beforeTest\",\"beforeCommand\",\"afterCommand\",\"afterTest\",\"afterHook\",\"afterSuite\",\"afterSession\",\"after\",\"onComplete\",\"onReload\",\"beforeFeature\",\"beforeScenario\",\"beforeStep\",\"afterStep\",\"afterScenario\",\"afterFeature\",\"baseUrl\",\"_\",\"spec\",\"$0\",\"ignoredWorkerServices\",\"specFileRetryAttempts\"]"},"_NOT_FIBER":true},"isReactElement":false,"_NOT_FIBER":false},"x":227,"y":295},{"type":"pointerDown","button":0},{"type":"pointerUp","button":0}]}]}
COMMAND: DELETE /session/481aaa04a4d50210adfab739ffff92a9/actions - {}
RESULT: {}
COMMAND: POST /session/481aaa04a4d50210adfab739ffff92a9/element - {"using":"xpath","value":"//*[@id=\"divAddressText\"]/b"}
RESULT: {"using":"xpath","value":"//*[@id=\"divAddressText\"]/b"}
COMMAND: GET /session/481aaa04a4d50210adfab739ffff92a9/element/927a71b2-6085-4158-a528-f546b3384bfe/text - {}
RESULT: {}
COMMAND: POST /session/481aaa04a4d50210adfab739ffff92a9/element - {"using":"css selector","value":"#svWindow_wnd_title"}
RESULT: {"using":"css selector","value":"#svWindow_wnd_title"}
COMMAND: POST /session/481aaa04a4d50210adfab739ffff92a9/execute/sync - {"script":"return (function isElementDisplayed(element) {\n  function nodeIsElement(node) {\n    if (!node) {\n      return false;\n    }\n\n    switch (node.nodeType) {\n      case Node.ELEMENT_NODE:\n      case Node.D ... (4720 more bytes)","args":[{"element-6066-11e4-a52e-4f735466cecf":"bcaba4ac-4d3d-4c4c-9190-a0e5f06db925","ELEMENT":"bcaba4ac-4d3d-4c4c-9190-a0e5f06db925"}]}
RESULT: {"script":"return (function isElementDisplayed(element) {\n  function nodeIsElement(node) {\n    if (!node) {\n      return false;\n    }\n\n    switch (node.nodeType) {\n      case Node.ELEMENT_NODE:\n      case Node.D ... (4720 more bytes)","args":[{"element-6066-11e4-a52e-4f735466cecf":"bcaba4ac-4d3d-4c4c-9190-a0e5f06db925","ELEMENT":"bcaba4ac-4d3d-4c4c-9190-a0e5f06db925"}]}
COMMAND: DELETE /session/481aaa04a4d50210adfab739ffff92a9 - {}
RESULT: {}
]]>
      </system-out>
    </testcase>
  </testsuite>
</testsuites>