<?xml version="1.0"?>
<testsuites>
<testsuite name="Verifying_basemap_components" timestamp="2020-08-19T22:02:16" time="6.73" tests="1" failures="0" errors="0" skipped="0">
  
  <properties>
    
    <property name="specId" value="0"/>
    
    <property name="suiteName" value="Verifying basemap components"/>
    
    <property name="capabilities" value="chrome.84_0_4147_125.windows"/>
    
    <property name="file" value=".\test\basemap.test.js"/>
    
  </properties>
  
  <testcase classname="chrome.84_0_4147_125.windows.Verifying_basemap_components" name="Should_verify_different_components_of_the_basemap" time="6.728">
    
    <system-out>
      
      <![CDATA[COMMAND: POST /session/f511e1076515a6018473fa964df72285/element - {"using":"xpath","value":"//*[@id=\"map_zoom_slider\"]/div[1]/span"}
RESULT: {"using":"xpath","value":"//*[@id=\"map_zoom_slider\"]/div[1]/span"}
COMMAND: POST /session/f511e1076515a6018473fa964df72285/element/90dcb29d-9338-4c75-a79b-3cfcc2fbfad1/click - {}
RESULT: {}
COMMAND: POST /session/f511e1076515a6018473fa964df72285/element - {"using":"xpath","value":"//*[@id=\"map_zoom_slider\"]/div[1]/span"}
RESULT: {"using":"xpath","value":"//*[@id=\"map_zoom_slider\"]/div[1]/span"}
COMMAND: POST /session/f511e1076515a6018473fa964df72285/element/90dcb29d-9338-4c75-a79b-3cfcc2fbfad1/click - {}
RESULT: {}
COMMAND: POST /session/f511e1076515a6018473fa964df72285/element - {"using":"xpath","value":"//*[@id=\"map_zoom_slider\"]/div[1]/span"}
RESULT: {"using":"xpath","value":"//*[@id=\"map_zoom_slider\"]/div[1]/span"}
COMMAND: POST /session/f511e1076515a6018473fa964df72285/element/90dcb29d-9338-4c75-a79b-3cfcc2fbfad1/click - {}
RESULT: {}
COMMAND: POST /session/f511e1076515a6018473fa964df72285/element - {"using":"xpath","value":"//*[@id=\"map_zoom_slider\"]/div[1]/span"}
RESULT: {"using":"xpath","value":"//*[@id=\"map_zoom_slider\"]/div[1]/span"}
COMMAND: POST /session/f511e1076515a6018473fa964df72285/element/90dcb29d-9338-4c75-a79b-3cfcc2fbfad1/click - {}
RESULT: {}
COMMAND: POST /session/f511e1076515a6018473fa964df72285/element - {"using":"xpath","value":"//*[@id=\"map_zoom_slider\"]/div[1]/span"}
RESULT: {"using":"xpath","value":"//*[@id=\"map_zoom_slider\"]/div[1]/span"}
COMMAND: POST /session/f511e1076515a6018473fa964df72285/element/90dcb29d-9338-4c75-a79b-3cfcc2fbfad1/click - {}
RESULT: {}
COMMAND: POST /session/f511e1076515a6018473fa964df72285/element - {"using":"xpath","value":"//*[@id=\"map_zoom_slider\"]/div[1]/span"}
RESULT: {"using":"xpath","value":"//*[@id=\"map_zoom_slider\"]/div[1]/span"}
COMMAND: POST /session/f511e1076515a6018473fa964df72285/element/90dcb29d-9338-4c75-a79b-3cfcc2fbfad1/click - {}
RESULT: {}
COMMAND: POST /session/f511e1076515a6018473fa964df72285/element - {"using":"xpath","value":"//*[@id=\"map_zoom_slider\"]/div[1]/span"}
RESULT: {"using":"xpath","value":"//*[@id=\"map_zoom_slider\"]/div[1]/span"}
COMMAND: POST /session/f511e1076515a6018473fa964df72285/element/90dcb29d-9338-4c75-a79b-3cfcc2fbfad1/click - {}
RESULT: {}
COMMAND: POST /session/f511e1076515a6018473fa964df72285/element - {"using":"xpath","value":"//*[@id=\"map_zoom_slider\"]/div[1]/span"}
RESULT: {"using":"xpath","value":"//*[@id=\"map_zoom_slider\"]/div[1]/span"}
COMMAND: POST /session/f511e1076515a6018473fa964df72285/element/90dcb29d-9338-4c75-a79b-3cfcc2fbfad1/click - {}
RESULT: {}
COMMAND: POST /session/f511e1076515a6018473fa964df72285/element - {"using":"xpath","value":"//*[@id=\"map_zoom_slider\"]/div[1]/span"}
RESULT: {"using":"xpath","value":"//*[@id=\"map_zoom_slider\"]/div[1]/span"}
COMMAND: POST /session/f511e1076515a6018473fa964df72285/element/90dcb29d-9338-4c75-a79b-3cfcc2fbfad1/click - {}
RESULT: {}
COMMAND: POST /session/f511e1076515a6018473fa964df72285/element - {"using":"xpath","value":"//*[@id=\"map_zoom_slider\"]/div[1]/span"}
RESULT: {"using":"xpath","value":"//*[@id=\"map_zoom_slider\"]/div[1]/span"}
COMMAND: POST /session/f511e1076515a6018473fa964df72285/element/90dcb29d-9338-4c75-a79b-3cfcc2fbfad1/click - {}
RESULT: {}
COMMAND: POST /session/f511e1076515a6018473fa964df72285/element - {"using":"xpath","value":"//*[@id=\"webmap-toolbar-Basemap1\"]/button"}
RESULT: {"using":"xpath","value":"//*[@id=\"webmap-toolbar-Basemap1\"]/button"}
COMMAND: POST /session/f511e1076515a6018473fa964df72285/element/bea31bbc-bf36-4ca7-89c3-210bf717b6d2/click - {}
RESULT: {}
COMMAND: POST /session/f511e1076515a6018473fa964df72285/element - {"using":"xpath","value":"//*[@id=\"galleryNode_GoogleHybrid\"]/a/img"}
RESULT: {"using":"xpath","value":"//*[@id=\"galleryNode_GoogleHybrid\"]/a/img"}
COMMAND: POST /session/f511e1076515a6018473fa964df72285/execute/sync - {"script":"return (function isElementDisplayed(element) {\n  function nodeIsElement(node) {\n    if (!node) {\n      return false;\n    }\n\n    switch (node.nodeType) {\n      case Node.ELEMENT_NODE:\n      case Node.D ... (4720 more bytes)","args":[{"element-6066-11e4-a52e-4f735466cecf":"93dcd23b-234b-4a17-91cc-f56279561de3","ELEMENT":"93dcd23b-234b-4a17-91cc-f56279561de3"}]}
RESULT: {"script":"return (function isElementDisplayed(element) {\n  function nodeIsElement(node) {\n    if (!node) {\n      return false;\n    }\n\n    switch (node.nodeType) {\n      case Node.ELEMENT_NODE:\n      case Node.D ... (4720 more bytes)","args":[{"element-6066-11e4-a52e-4f735466cecf":"93dcd23b-234b-4a17-91cc-f56279561de3","ELEMENT":"93dcd23b-234b-4a17-91cc-f56279561de3"}]}
COMMAND: POST /session/f511e1076515a6018473fa964df72285/execute/sync - {"script":"return (function isElementClickable(elem) {\n  if (!elem.getBoundingClientRect || !elem.scrollIntoView || !elem.contains || !elem.getClientRects || !document.elementFromPoint) {\n    return false;\n  }\n\n ... (3462 more bytes)","args":[{"element-6066-11e4-a52e-4f735466cecf":"93dcd23b-234b-4a17-91cc-f56279561de3","ELEMENT":"93dcd23b-234b-4a17-91cc-f56279561de3"}]}
RESULT: {"script":"return (function isElementClickable(elem) {\n  if (!elem.getBoundingClientRect || !elem.scrollIntoView || !elem.contains || !elem.getClientRects || !document.elementFromPoint) {\n    return false;\n  }\n\n ... (3462 more bytes)","args":[{"element-6066-11e4-a52e-4f735466cecf":"93dcd23b-234b-4a17-91cc-f56279561de3","ELEMENT":"93dcd23b-234b-4a17-91cc-f56279561de3"}]}
COMMAND: POST /session/f511e1076515a6018473fa964df72285/element - {"using":"xpath","value":"//*[@id=\"galleryNode_GoogleRoad\"]/a/img"}
RESULT: {"using":"xpath","value":"//*[@id=\"galleryNode_GoogleRoad\"]/a/img"}
COMMAND: POST /session/f511e1076515a6018473fa964df72285/execute/sync - {"script":"return (function isElementDisplayed(element) {\n  function nodeIsElement(node) {\n    if (!node) {\n      return false;\n    }\n\n    switch (node.nodeType) {\n      case Node.ELEMENT_NODE:\n      case Node.D ... (4720 more bytes)","args":[{"element-6066-11e4-a52e-4f735466cecf":"b8c8f6d3-bdfb-43ae-84c6-62ecf0f4758a","ELEMENT":"b8c8f6d3-bdfb-43ae-84c6-62ecf0f4758a"}]}
RESULT: {"script":"return (function isElementDisplayed(element) {\n  function nodeIsElement(node) {\n    if (!node) {\n      return false;\n    }\n\n    switch (node.nodeType) {\n      case Node.ELEMENT_NODE:\n      case Node.D ... (4720 more bytes)","args":[{"element-6066-11e4-a52e-4f735466cecf":"b8c8f6d3-bdfb-43ae-84c6-62ecf0f4758a","ELEMENT":"b8c8f6d3-bdfb-43ae-84c6-62ecf0f4758a"}]}
COMMAND: POST /session/f511e1076515a6018473fa964df72285/execute/sync - {"script":"return (function isElementClickable(elem) {\n  if (!elem.getBoundingClientRect || !elem.scrollIntoView || !elem.contains || !elem.getClientRects || !document.elementFromPoint) {\n    return false;\n  }\n\n ... (3462 more bytes)","args":[{"element-6066-11e4-a52e-4f735466cecf":"b8c8f6d3-bdfb-43ae-84c6-62ecf0f4758a","ELEMENT":"b8c8f6d3-bdfb-43ae-84c6-62ecf0f4758a"}]}
RESULT: {"script":"return (function isElementClickable(elem) {\n  if (!elem.getBoundingClientRect || !elem.scrollIntoView || !elem.contains || !elem.getClientRects || !document.elementFromPoint) {\n    return false;\n  }\n\n ... (3462 more bytes)","args":[{"element-6066-11e4-a52e-4f735466cecf":"b8c8f6d3-bdfb-43ae-84c6-62ecf0f4758a","ELEMENT":"b8c8f6d3-bdfb-43ae-84c6-62ecf0f4758a"}]}
COMMAND: POST /session/f511e1076515a6018473fa964df72285/element - {"using":"xpath","value":"//*[@id=\"galleryNode_Streets\"]/a/img"}
RESULT: {"using":"xpath","value":"//*[@id=\"galleryNode_Streets\"]/a/img"}
COMMAND: POST /session/f511e1076515a6018473fa964df72285/execute/sync - {"script":"return (function isElementDisplayed(element) {\n  function nodeIsElement(node) {\n    if (!node) {\n      return false;\n    }\n\n    switch (node.nodeType) {\n      case Node.ELEMENT_NODE:\n      case Node.D ... (4720 more bytes)","args":[{"element-6066-11e4-a52e-4f735466cecf":"e2244f3a-24d7-4072-9901-beda6dbf6f9f","ELEMENT":"e2244f3a-24d7-4072-9901-beda6dbf6f9f"}]}
RESULT: {"script":"return (function isElementDisplayed(element) {\n  function nodeIsElement(node) {\n    if (!node) {\n      return false;\n    }\n\n    switch (node.nodeType) {\n      case Node.ELEMENT_NODE:\n      case Node.D ... (4720 more bytes)","args":[{"element-6066-11e4-a52e-4f735466cecf":"e2244f3a-24d7-4072-9901-beda6dbf6f9f","ELEMENT":"e2244f3a-24d7-4072-9901-beda6dbf6f9f"}]}
COMMAND: POST /session/f511e1076515a6018473fa964df72285/execute/sync - {"script":"return (function isElementClickable(elem) {\n  if (!elem.getBoundingClientRect || !elem.scrollIntoView || !elem.contains || !elem.getClientRects || !document.elementFromPoint) {\n    return false;\n  }\n\n ... (3462 more bytes)","args":[{"element-6066-11e4-a52e-4f735466cecf":"e2244f3a-24d7-4072-9901-beda6dbf6f9f","ELEMENT":"e2244f3a-24d7-4072-9901-beda6dbf6f9f"}]}
RESULT: {"script":"return (function isElementClickable(elem) {\n  if (!elem.getBoundingClientRect || !elem.scrollIntoView || !elem.contains || !elem.getClientRects || !document.elementFromPoint) {\n    return false;\n  }\n\n ... (3462 more bytes)","args":[{"element-6066-11e4-a52e-4f735466cecf":"e2244f3a-24d7-4072-9901-beda6dbf6f9f","ELEMENT":"e2244f3a-24d7-4072-9901-beda6dbf6f9f"}]}
COMMAND: POST /session/f511e1076515a6018473fa964df72285/element - {"using":"xpath","value":"//*[@id=\"galleryNode_Topographic\"]/a/img"}
RESULT: {"using":"xpath","value":"//*[@id=\"galleryNode_Topographic\"]/a/img"}
COMMAND: POST /session/f511e1076515a6018473fa964df72285/execute/sync - {"script":"return (function isElementDisplayed(element) {\n  function nodeIsElement(node) {\n    if (!node) {\n      return false;\n    }\n\n    switch (node.nodeType) {\n      case Node.ELEMENT_NODE:\n      case Node.D ... (4720 more bytes)","args":[{"element-6066-11e4-a52e-4f735466cecf":"808e2f12-dbd2-4391-8913-2fc3ac084d16","ELEMENT":"808e2f12-dbd2-4391-8913-2fc3ac084d16"}]}
RESULT: {"script":"return (function isElementDisplayed(element) {\n  function nodeIsElement(node) {\n    if (!node) {\n      return false;\n    }\n\n    switch (node.nodeType) {\n      case Node.ELEMENT_NODE:\n      case Node.D ... (4720 more bytes)","args":[{"element-6066-11e4-a52e-4f735466cecf":"808e2f12-dbd2-4391-8913-2fc3ac084d16","ELEMENT":"808e2f12-dbd2-4391-8913-2fc3ac084d16"}]}
COMMAND: POST /session/f511e1076515a6018473fa964df72285/execute/sync - {"script":"return (function isElementClickable(elem) {\n  if (!elem.getBoundingClientRect || !elem.scrollIntoView || !elem.contains || !elem.getClientRects || !document.elementFromPoint) {\n    return false;\n  }\n\n ... (3462 more bytes)","args":[{"element-6066-11e4-a52e-4f735466cecf":"808e2f12-dbd2-4391-8913-2fc3ac084d16","ELEMENT":"808e2f12-dbd2-4391-8913-2fc3ac084d16"}]}
RESULT: {"script":"return (function isElementClickable(elem) {\n  if (!elem.getBoundingClientRect || !elem.scrollIntoView || !elem.contains || !elem.getClientRects || !document.elementFromPoint) {\n    return false;\n  }\n\n ... (3462 more bytes)","args":[{"element-6066-11e4-a52e-4f735466cecf":"808e2f12-dbd2-4391-8913-2fc3ac084d16","ELEMENT":"808e2f12-dbd2-4391-8913-2fc3ac084d16"}]}
COMMAND: POST /session/f511e1076515a6018473fa964df72285/element - {"using":"xpath","value":"//*[@id=\"galleryNode_OpenStreetmap\"]/a/img"}
RESULT: {"using":"xpath","value":"//*[@id=\"galleryNode_OpenStreetmap\"]/a/img"}
COMMAND: POST /session/f511e1076515a6018473fa964df72285/execute/sync - {"script":"return (function isElementDisplayed(element) {\n  function nodeIsElement(node) {\n    if (!node) {\n      return false;\n    }\n\n    switch (node.nodeType) {\n      case Node.ELEMENT_NODE:\n      case Node.D ... (4720 more bytes)","args":[{"element-6066-11e4-a52e-4f735466cecf":"71ae1c8b-5061-4b16-8c2e-bc130261b055","ELEMENT":"71ae1c8b-5061-4b16-8c2e-bc130261b055"}]}
RESULT: {"script":"return (function isElementDisplayed(element) {\n  function nodeIsElement(node) {\n    if (!node) {\n      return false;\n    }\n\n    switch (node.nodeType) {\n      case Node.ELEMENT_NODE:\n      case Node.D ... (4720 more bytes)","args":[{"element-6066-11e4-a52e-4f735466cecf":"71ae1c8b-5061-4b16-8c2e-bc130261b055","ELEMENT":"71ae1c8b-5061-4b16-8c2e-bc130261b055"}]}
COMMAND: POST /session/f511e1076515a6018473fa964df72285/execute/sync - {"script":"return (function isElementClickable(elem) {\n  if (!elem.getBoundingClientRect || !elem.scrollIntoView || !elem.contains || !elem.getClientRects || !document.elementFromPoint) {\n    return false;\n  }\n\n ... (3462 more bytes)","args":[{"element-6066-11e4-a52e-4f735466cecf":"71ae1c8b-5061-4b16-8c2e-bc130261b055","ELEMENT":"71ae1c8b-5061-4b16-8c2e-bc130261b055"}]}
RESULT: {"script":"return (function isElementClickable(elem) {\n  if (!elem.getBoundingClientRect || !elem.scrollIntoView || !elem.contains || !elem.getClientRects || !document.elementFromPoint) {\n    return false;\n  }\n\n ... (3462 more bytes)","args":[{"element-6066-11e4-a52e-4f735466cecf":"71ae1c8b-5061-4b16-8c2e-bc130261b055","ELEMENT":"71ae1c8b-5061-4b16-8c2e-bc130261b055"}]}
COMMAND: POST /session/f511e1076515a6018473fa964df72285/element - {"using":"xpath","value":"//*[@id=\"galleryNode_USATopoMaps\"]/a/img"}
RESULT: {"using":"xpath","value":"//*[@id=\"galleryNode_USATopoMaps\"]/a/img"}
COMMAND: POST /session/f511e1076515a6018473fa964df72285/execute/sync - {"script":"return (function isElementDisplayed(element) {\n  function nodeIsElement(node) {\n    if (!node) {\n      return false;\n    }\n\n    switch (node.nodeType) {\n      case Node.ELEMENT_NODE:\n      case Node.D ... (4720 more bytes)","args":[{"element-6066-11e4-a52e-4f735466cecf":"8adcf781-f5fe-4f89-bb04-5ea1bce43b5c","ELEMENT":"8adcf781-f5fe-4f89-bb04-5ea1bce43b5c"}]}
RESULT: {"script":"return (function isElementDisplayed(element) {\n  function nodeIsElement(node) {\n    if (!node) {\n      return false;\n    }\n\n    switch (node.nodeType) {\n      case Node.ELEMENT_NODE:\n      case Node.D ... (4720 more bytes)","args":[{"element-6066-11e4-a52e-4f735466cecf":"8adcf781-f5fe-4f89-bb04-5ea1bce43b5c","ELEMENT":"8adcf781-f5fe-4f89-bb04-5ea1bce43b5c"}]}
COMMAND: POST /session/f511e1076515a6018473fa964df72285/execute/sync - {"script":"return (function isElementClickable(elem) {\n  if (!elem.getBoundingClientRect || !elem.scrollIntoView || !elem.contains || !elem.getClientRects || !document.elementFromPoint) {\n    return false;\n  }\n\n ... (3462 more bytes)","args":[{"element-6066-11e4-a52e-4f735466cecf":"8adcf781-f5fe-4f89-bb04-5ea1bce43b5c","ELEMENT":"8adcf781-f5fe-4f89-bb04-5ea1bce43b5c"}]}
RESULT: {"script":"return (function isElementClickable(elem) {\n  if (!elem.getBoundingClientRect || !elem.scrollIntoView || !elem.contains || !elem.getClientRects || !document.elementFromPoint) {\n    return false;\n  }\n\n ... (3462 more bytes)","args":[{"element-6066-11e4-a52e-4f735466cecf":"8adcf781-f5fe-4f89-bb04-5ea1bce43b5c","ELEMENT":"8adcf781-f5fe-4f89-bb04-5ea1bce43b5c"}]}
COMMAND: POST /session/f511e1076515a6018473fa964df72285/element - {"using":"xpath","value":"//*[@id=\"galleryNode_USGSNationalMap\"]/a/img"}
RESULT: {"using":"xpath","value":"//*[@id=\"galleryNode_USGSNationalMap\"]/a/img"}
COMMAND: POST /session/f511e1076515a6018473fa964df72285/execute/sync - {"script":"return (function isElementDisplayed(element) {\n  function nodeIsElement(node) {\n    if (!node) {\n      return false;\n    }\n\n    switch (node.nodeType) {\n      case Node.ELEMENT_NODE:\n      case Node.D ... (4720 more bytes)","args":[{"element-6066-11e4-a52e-4f735466cecf":"d2d87f6e-2d9f-43f6-8e01-5574d8d81b2e","ELEMENT":"d2d87f6e-2d9f-43f6-8e01-5574d8d81b2e"}]}
RESULT: {"script":"return (function isElementDisplayed(element) {\n  function nodeIsElement(node) {\n    if (!node) {\n      return false;\n    }\n\n    switch (node.nodeType) {\n      case Node.ELEMENT_NODE:\n      case Node.D ... (4720 more bytes)","args":[{"element-6066-11e4-a52e-4f735466cecf":"d2d87f6e-2d9f-43f6-8e01-5574d8d81b2e","ELEMENT":"d2d87f6e-2d9f-43f6-8e01-5574d8d81b2e"}]}
COMMAND: POST /session/f511e1076515a6018473fa964df72285/execute/sync - {"script":"return (function isElementClickable(elem) {\n  if (!elem.getBoundingClientRect || !elem.scrollIntoView || !elem.contains || !elem.getClientRects || !document.elementFromPoint) {\n    return false;\n  }\n\n ... (3462 more bytes)","args":[{"element-6066-11e4-a52e-4f735466cecf":"d2d87f6e-2d9f-43f6-8e01-5574d8d81b2e","ELEMENT":"d2d87f6e-2d9f-43f6-8e01-5574d8d81b2e"}]}
RESULT: {"script":"return (function isElementClickable(elem) {\n  if (!elem.getBoundingClientRect || !elem.scrollIntoView || !elem.contains || !elem.getClientRects || !document.elementFromPoint) {\n    return false;\n  }\n\n ... (3462 more bytes)","args":[{"element-6066-11e4-a52e-4f735466cecf":"d2d87f6e-2d9f-43f6-8e01-5574d8d81b2e","ELEMENT":"d2d87f6e-2d9f-43f6-8e01-5574d8d81b2e"}]}
COMMAND: POST /session/f511e1076515a6018473fa964df72285/element - {"using":"xpath","value":"//*[@id=\"galleryNode_Terrain\"]/a/img"}
RESULT: {"using":"xpath","value":"//*[@id=\"galleryNode_Terrain\"]/a/img"}
COMMAND: POST /session/f511e1076515a6018473fa964df72285/execute/sync - {"script":"return (function isElementDisplayed(element) {\n  function nodeIsElement(node) {\n    if (!node) {\n      return false;\n    }\n\n    switch (node.nodeType) {\n      case Node.ELEMENT_NODE:\n      case Node.D ... (4720 more bytes)","args":[{"element-6066-11e4-a52e-4f735466cecf":"a1c9b57c-2414-4fd9-948e-541a325879a7","ELEMENT":"a1c9b57c-2414-4fd9-948e-541a325879a7"}]}
RESULT: {"script":"return (function isElementDisplayed(element) {\n  function nodeIsElement(node) {\n    if (!node) {\n      return false;\n    }\n\n    switch (node.nodeType) {\n      case Node.ELEMENT_NODE:\n      case Node.D ... (4720 more bytes)","args":[{"element-6066-11e4-a52e-4f735466cecf":"a1c9b57c-2414-4fd9-948e-541a325879a7","ELEMENT":"a1c9b57c-2414-4fd9-948e-541a325879a7"}]}
COMMAND: POST /session/f511e1076515a6018473fa964df72285/execute/sync - {"script":"return (function isElementClickable(elem) {\n  if (!elem.getBoundingClientRect || !elem.scrollIntoView || !elem.contains || !elem.getClientRects || !document.elementFromPoint) {\n    return false;\n  }\n\n ... (3462 more bytes)","args":[{"element-6066-11e4-a52e-4f735466cecf":"a1c9b57c-2414-4fd9-948e-541a325879a7","ELEMENT":"a1c9b57c-2414-4fd9-948e-541a325879a7"}]}
RESULT: {"script":"return (function isElementClickable(elem) {\n  if (!elem.getBoundingClientRect || !elem.scrollIntoView || !elem.contains || !elem.getClientRects || !document.elementFromPoint) {\n    return false;\n  }\n\n ... (3462 more bytes)","args":[{"element-6066-11e4-a52e-4f735466cecf":"a1c9b57c-2414-4fd9-948e-541a325879a7","ELEMENT":"a1c9b57c-2414-4fd9-948e-541a325879a7"}]}
COMMAND: POST /session/f511e1076515a6018473fa964df72285/element - {"using":"xpath","value":"//*[@id=\"galleryNode_Oceans\"]/a/img"}
RESULT: {"using":"xpath","value":"//*[@id=\"galleryNode_Oceans\"]/a/img"}
COMMAND: POST /session/f511e1076515a6018473fa964df72285/execute/sync - {"script":"return (function isElementDisplayed(element) {\n  function nodeIsElement(node) {\n    if (!node) {\n      return false;\n    }\n\n    switch (node.nodeType) {\n      case Node.ELEMENT_NODE:\n      case Node.D ... (4720 more bytes)","args":[{"element-6066-11e4-a52e-4f735466cecf":"80e165f7-f2b4-422a-8e8c-d25ce135cba9","ELEMENT":"80e165f7-f2b4-422a-8e8c-d25ce135cba9"}]}
RESULT: {"script":"return (function isElementDisplayed(element) {\n  function nodeIsElement(node) {\n    if (!node) {\n      return false;\n    }\n\n    switch (node.nodeType) {\n      case Node.ELEMENT_NODE:\n      case Node.D ... (4720 more bytes)","args":[{"element-6066-11e4-a52e-4f735466cecf":"80e165f7-f2b4-422a-8e8c-d25ce135cba9","ELEMENT":"80e165f7-f2b4-422a-8e8c-d25ce135cba9"}]}
COMMAND: POST /session/f511e1076515a6018473fa964df72285/execute/sync - {"script":"return (function isElementClickable(elem) {\n  if (!elem.getBoundingClientRect || !elem.scrollIntoView || !elem.contains || !elem.getClientRects || !document.elementFromPoint) {\n    return false;\n  }\n\n ... (3462 more bytes)","args":[{"element-6066-11e4-a52e-4f735466cecf":"80e165f7-f2b4-422a-8e8c-d25ce135cba9","ELEMENT":"80e165f7-f2b4-422a-8e8c-d25ce135cba9"}]}
RESULT: {"script":"return (function isElementClickable(elem) {\n  if (!elem.getBoundingClientRect || !elem.scrollIntoView || !elem.contains || !elem.getClientRects || !document.elementFromPoint) {\n    return false;\n  }\n\n ... (3462 more bytes)","args":[{"element-6066-11e4-a52e-4f735466cecf":"80e165f7-f2b4-422a-8e8c-d25ce135cba9","ELEMENT":"80e165f7-f2b4-422a-8e8c-d25ce135cba9"}]}
COMMAND: POST /session/f511e1076515a6018473fa964df72285/element - {"using":"xpath","value":"//*[@id=\"galleryNode_NationalGeographic\"]/a/img"}
RESULT: {"using":"xpath","value":"//*[@id=\"galleryNode_NationalGeographic\"]/a/img"}
COMMAND: POST /session/f511e1076515a6018473fa964df72285/execute/sync - {"script":"return (function isElementDisplayed(element) {\n  function nodeIsElement(node) {\n    if (!node) {\n      return false;\n    }\n\n    switch (node.nodeType) {\n      case Node.ELEMENT_NODE:\n      case Node.D ... (4720 more bytes)","args":[{"element-6066-11e4-a52e-4f735466cecf":"573bfe8d-975f-43a0-8f97-cadef949e2f7","ELEMENT":"573bfe8d-975f-43a0-8f97-cadef949e2f7"}]}
RESULT: {"script":"return (function isElementDisplayed(element) {\n  function nodeIsElement(node) {\n    if (!node) {\n      return false;\n    }\n\n    switch (node.nodeType) {\n      case Node.ELEMENT_NODE:\n      case Node.D ... (4720 more bytes)","args":[{"element-6066-11e4-a52e-4f735466cecf":"573bfe8d-975f-43a0-8f97-cadef949e2f7","ELEMENT":"573bfe8d-975f-43a0-8f97-cadef949e2f7"}]}
COMMAND: POST /session/f511e1076515a6018473fa964df72285/execute/sync - {"script":"return (function isElementClickable(elem) {\n  if (!elem.getBoundingClientRect || !elem.scrollIntoView || !elem.contains || !elem.getClientRects || !document.elementFromPoint) {\n    return false;\n  }\n\n ... (3462 more bytes)","args":[{"element-6066-11e4-a52e-4f735466cecf":"573bfe8d-975f-43a0-8f97-cadef949e2f7","ELEMENT":"573bfe8d-975f-43a0-8f97-cadef949e2f7"}]}
RESULT: {"script":"return (function isElementClickable(elem) {\n  if (!elem.getBoundingClientRect || !elem.scrollIntoView || !elem.contains || !elem.getClientRects || !document.elementFromPoint) {\n    return false;\n  }\n\n ... (3462 more bytes)","args":[{"element-6066-11e4-a52e-4f735466cecf":"573bfe8d-975f-43a0-8f97-cadef949e2f7","ELEMENT":"573bfe8d-975f-43a0-8f97-cadef949e2f7"}]}
COMMAND: POST /session/f511e1076515a6018473fa964df72285/element - {"using":"xpath","value":"//*[@id=\"galleryNode_DarkGrayCanvas\"]/a/img"}
RESULT: {"using":"xpath","value":"//*[@id=\"galleryNode_DarkGrayCanvas\"]/a/img"}
COMMAND: POST /session/f511e1076515a6018473fa964df72285/execute/sync - {"script":"return (function isElementDisplayed(element) {\n  function nodeIsElement(node) {\n    if (!node) {\n      return false;\n    }\n\n    switch (node.nodeType) {\n      case Node.ELEMENT_NODE:\n      case Node.D ... (4720 more bytes)","args":[{"element-6066-11e4-a52e-4f735466cecf":"a10bba7e-4793-4d9f-b1b0-7c52ed69bf69","ELEMENT":"a10bba7e-4793-4d9f-b1b0-7c52ed69bf69"}]}
RESULT: {"script":"return (function isElementDisplayed(element) {\n  function nodeIsElement(node) {\n    if (!node) {\n      return false;\n    }\n\n    switch (node.nodeType) {\n      case Node.ELEMENT_NODE:\n      case Node.D ... (4720 more bytes)","args":[{"element-6066-11e4-a52e-4f735466cecf":"a10bba7e-4793-4d9f-b1b0-7c52ed69bf69","ELEMENT":"a10bba7e-4793-4d9f-b1b0-7c52ed69bf69"}]}
COMMAND: POST /session/f511e1076515a6018473fa964df72285/execute/sync - {"script":"return (function isElementClickable(elem) {\n  if (!elem.getBoundingClientRect || !elem.scrollIntoView || !elem.contains || !elem.getClientRects || !document.elementFromPoint) {\n    return false;\n  }\n\n ... (3462 more bytes)","args":[{"element-6066-11e4-a52e-4f735466cecf":"a10bba7e-4793-4d9f-b1b0-7c52ed69bf69","ELEMENT":"a10bba7e-4793-4d9f-b1b0-7c52ed69bf69"}]}
RESULT: {"script":"return (function isElementClickable(elem) {\n  if (!elem.getBoundingClientRect || !elem.scrollIntoView || !elem.contains || !elem.getClientRects || !document.elementFromPoint) {\n    return false;\n  }\n\n ... (3462 more bytes)","args":[{"element-6066-11e4-a52e-4f735466cecf":"a10bba7e-4793-4d9f-b1b0-7c52ed69bf69","ELEMENT":"a10bba7e-4793-4d9f-b1b0-7c52ed69bf69"}]}
COMMAND: POST /session/f511e1076515a6018473fa964df72285/element - {"using":"xpath","value":"//*[@id=\"galleryNode_LightGrayCanvas\"]/a/img"}
RESULT: {"using":"xpath","value":"//*[@id=\"galleryNode_LightGrayCanvas\"]/a/img"}
COMMAND: POST /session/f511e1076515a6018473fa964df72285/execute/sync - {"script":"return (function isElementDisplayed(element) {\n  function nodeIsElement(node) {\n    if (!node) {\n      return false;\n    }\n\n    switch (node.nodeType) {\n      case Node.ELEMENT_NODE:\n      case Node.D ... (4720 more bytes)","args":[{"element-6066-11e4-a52e-4f735466cecf":"0a7ec0f5-6c44-4d51-8706-95bdae0e28f3","ELEMENT":"0a7ec0f5-6c44-4d51-8706-95bdae0e28f3"}]}
RESULT: {"script":"return (function isElementDisplayed(element) {\n  function nodeIsElement(node) {\n    if (!node) {\n      return false;\n    }\n\n    switch (node.nodeType) {\n      case Node.ELEMENT_NODE:\n      case Node.D ... (4720 more bytes)","args":[{"element-6066-11e4-a52e-4f735466cecf":"0a7ec0f5-6c44-4d51-8706-95bdae0e28f3","ELEMENT":"0a7ec0f5-6c44-4d51-8706-95bdae0e28f3"}]}
COMMAND: POST /session/f511e1076515a6018473fa964df72285/execute/sync - {"script":"return (function isElementClickable(elem) {\n  if (!elem.getBoundingClientRect || !elem.scrollIntoView || !elem.contains || !elem.getClientRects || !document.elementFromPoint) {\n    return false;\n  }\n\n ... (3462 more bytes)","args":[{"element-6066-11e4-a52e-4f735466cecf":"0a7ec0f5-6c44-4d51-8706-95bdae0e28f3","ELEMENT":"0a7ec0f5-6c44-4d51-8706-95bdae0e28f3"}]}
RESULT: {"script":"return (function isElementClickable(elem) {\n  if (!elem.getBoundingClientRect || !elem.scrollIntoView || !elem.contains || !elem.getClientRects || !document.elementFromPoint) {\n    return false;\n  }\n\n ... (3462 more bytes)","args":[{"element-6066-11e4-a52e-4f735466cecf":"0a7ec0f5-6c44-4d51-8706-95bdae0e28f3","ELEMENT":"0a7ec0f5-6c44-4d51-8706-95bdae0e28f3"}]}
COMMAND: POST /session/f511e1076515a6018473fa964df72285/element - {"using":"xpath","value":"//*[@id=\"galleryNode_ESRIClarity\"]/a/img"}
RESULT: {"using":"xpath","value":"//*[@id=\"galleryNode_ESRIClarity\"]/a/img"}
COMMAND: POST /session/f511e1076515a6018473fa964df72285/execute/sync - {"script":"return (function isElementDisplayed(element) {\n  function nodeIsElement(node) {\n    if (!node) {\n      return false;\n    }\n\n    switch (node.nodeType) {\n      case Node.ELEMENT_NODE:\n      case Node.D ... (4720 more bytes)","args":[{"element-6066-11e4-a52e-4f735466cecf":"020f05d5-becb-4047-b66b-bbcbbdee786b","ELEMENT":"020f05d5-becb-4047-b66b-bbcbbdee786b"}]}
RESULT: {"script":"return (function isElementDisplayed(element) {\n  function nodeIsElement(node) {\n    if (!node) {\n      return false;\n    }\n\n    switch (node.nodeType) {\n      case Node.ELEMENT_NODE:\n      case Node.D ... (4720 more bytes)","args":[{"element-6066-11e4-a52e-4f735466cecf":"020f05d5-becb-4047-b66b-bbcbbdee786b","ELEMENT":"020f05d5-becb-4047-b66b-bbcbbdee786b"}]}
COMMAND: POST /session/f511e1076515a6018473fa964df72285/execute/sync - {"script":"return (function isElementClickable(elem) {\n  if (!elem.getBoundingClientRect || !elem.scrollIntoView || !elem.contains || !elem.getClientRects || !document.elementFromPoint) {\n    return false;\n  }\n\n ... (3462 more bytes)","args":[{"element-6066-11e4-a52e-4f735466cecf":"020f05d5-becb-4047-b66b-bbcbbdee786b","ELEMENT":"020f05d5-becb-4047-b66b-bbcbbdee786b"}]}
RESULT: {"script":"return (function isElementClickable(elem) {\n  if (!elem.getBoundingClientRect || !elem.scrollIntoView || !elem.contains || !elem.getClientRects || !document.elementFromPoint) {\n    return false;\n  }\n\n ... (3462 more bytes)","args":[{"element-6066-11e4-a52e-4f735466cecf":"020f05d5-becb-4047-b66b-bbcbbdee786b","ELEMENT":"020f05d5-becb-4047-b66b-bbcbbdee786b"}]}
COMMAND: DELETE /session/f511e1076515a6018473fa964df72285 - {}
RESULT: {}]]>
      
    </system-out>
    
  </testcase>
  
</testsuite>

<testsuite name="Verifying_document_finder_count_displayed" timestamp="2020-08-19T22:03:09" time="72.422" tests="1" failures="0" errors="1" skipped="0">
  
  <properties>
    
    <property name="specId" value="0"/>
    
    <property name="suiteName" value="Verifying document finder count displayed"/>
    
    <property name="capabilities" value="chrome.84_0_4147_125.windows"/>
    
    <property name="file" value=".\test\documentFInder.test.js"/>
    
  </properties>
  
  <testcase classname="chrome.84_0_4147_125.windows.Verifying_document_finder_count_displayed" name="verify_main_asbuilt_service_asbuilt_count_by_town_and_street_and_advanced_search" time="72.416">
    
    <error message="element not interactable
  (Session info: chrome=84.0.4147.125)"/>
    
    <system-out>
      
      <![CDATA[COMMAND: POST /session/31ef4fd0bb54f0b5dfefee9af5ac7baf/element - {"using":"css selector","value":"#dmsButton_label"}
RESULT: {"using":"css selector","value":"#dmsButton_label"}
COMMAND: POST /session/31ef4fd0bb54f0b5dfefee9af5ac7baf/element/c9b9596e-66f3-433c-bcdb-7bbdf7605656/click - {}
RESULT: {}
COMMAND: POST /session/31ef4fd0bb54f0b5dfefee9af5ac7baf/element - {"using":"link text","value":"Towns"}
RESULT: {"using":"link text","value":"Towns"}
COMMAND: POST /session/31ef4fd0bb54f0b5dfefee9af5ac7baf/elements - {"using":"link text","value":"Towns"}
RESULT: {"using":"link text","value":"Towns"}
COMMAND: POST /session/31ef4fd0bb54f0b5dfefee9af5ac7baf/element - {"using":"link text","value":"Towns"}
RESULT: {"using":"link text","value":"Towns"}
COMMAND: POST /session/31ef4fd0bb54f0b5dfefee9af5ac7baf/element/b988221c-7461-4b5b-adfa-a827cd51d3bc/click - {}
RESULT: {}
COMMAND: POST /session/31ef4fd0bb54f0b5dfefee9af5ac7baf/element - {"using":"link text","value":"Cape May City"}
RESULT: {"using":"link text","value":"Cape May City"}
COMMAND: POST /session/31ef4fd0bb54f0b5dfefee9af5ac7baf/element/6d39c701-9641-4cdb-a1a5-c6b93b4b1692/click - {}
RESULT: {}
COMMAND: POST /session/31ef4fd0bb54f0b5dfefee9af5ac7baf/element - {"using":"link text","value":"Baltimore Ave"}
RESULT: {"using":"link text","value":"Baltimore Ave"}
COMMAND: POST /session/31ef4fd0bb54f0b5dfefee9af5ac7baf/element/4dac4c06-450d-4118-854a-3ea9271a0d73/click - {}
RESULT: {}
COMMAND: POST /session/31ef4fd0bb54f0b5dfefee9af5ac7baf/element - {"using":"partial link text","value":"Main"}
RESULT: {"using":"partial link text","value":"Main"}
COMMAND: POST /session/31ef4fd0bb54f0b5dfefee9af5ac7baf/elements - {"using":"partial link text","value":"Main"}
RESULT: {"using":"partial link text","value":"Main"}
COMMAND: POST /session/31ef4fd0bb54f0b5dfefee9af5ac7baf/elements - {"using":"partial link text","value":"Main"}
RESULT: {"using":"partial link text","value":"Main"}
COMMAND: POST /session/31ef4fd0bb54f0b5dfefee9af5ac7baf/elements - {"using":"partial link text","value":"Main"}
RESULT: {"using":"partial link text","value":"Main"}
COMMAND: POST /session/31ef4fd0bb54f0b5dfefee9af5ac7baf/elements - {"using":"partial link text","value":"Main"}
RESULT: {"using":"partial link text","value":"Main"}
COMMAND: POST /session/31ef4fd0bb54f0b5dfefee9af5ac7baf/elements - {"using":"partial link text","value":"Main"}
RESULT: {"using":"partial link text","value":"Main"}
COMMAND: POST /session/31ef4fd0bb54f0b5dfefee9af5ac7baf/elements - {"using":"partial link text","value":"Main"}
RESULT: {"using":"partial link text","value":"Main"}
COMMAND: POST /session/31ef4fd0bb54f0b5dfefee9af5ac7baf/elements - {"using":"partial link text","value":"Main"}
RESULT: {"using":"partial link text","value":"Main"}
COMMAND: POST /session/31ef4fd0bb54f0b5dfefee9af5ac7baf/element - {"using":"partial link text","value":"Main"}
RESULT: {"using":"partial link text","value":"Main"}
COMMAND: GET /session/31ef4fd0bb54f0b5dfefee9af5ac7baf/element/dbfb5bce-252d-484b-8d84-01af399bcbee/text - {}
RESULT: {}
COMMAND: POST /session/31ef4fd0bb54f0b5dfefee9af5ac7baf/element - {"using":"partial link text","value":"Main"}
RESULT: {"using":"partial link text","value":"Main"}
COMMAND: POST /session/31ef4fd0bb54f0b5dfefee9af5ac7baf/elements - {"using":"partial link text","value":"Main"}
RESULT: {"using":"partial link text","value":"Main"}
COMMAND: POST /session/31ef4fd0bb54f0b5dfefee9af5ac7baf/element - {"using":"partial link text","value":"Main"}
RESULT: {"using":"partial link text","value":"Main"}
COMMAND: POST /session/31ef4fd0bb54f0b5dfefee9af5ac7baf/element/dbfb5bce-252d-484b-8d84-01af399bcbee/click - {}
RESULT: {}
COMMAND: POST /session/31ef4fd0bb54f0b5dfefee9af5ac7baf/element - {"using":"xpath","value":"//*[@id=\"kendoPSEGDocumentsGrid\"]/div[5]/span[2]"}
RESULT: {"using":"xpath","value":"//*[@id=\"kendoPSEGDocumentsGrid\"]/div[5]/span[2]"}
COMMAND: GET /session/31ef4fd0bb54f0b5dfefee9af5ac7baf/element/cf618068-eebd-49cb-8621-5ffb72564200/text - {}
RESULT: {}
COMMAND: POST /session/31ef4fd0bb54f0b5dfefee9af5ac7baf/element - {"using":"link text","value":"Towns"}
RESULT: {"using":"link text","value":"Towns"}
COMMAND: POST /session/31ef4fd0bb54f0b5dfefee9af5ac7baf/element/b988221c-7461-4b5b-adfa-a827cd51d3bc/click - {}
RESULT: {}
COMMAND: POST /session/31ef4fd0bb54f0b5dfefee9af5ac7baf/element - {"using":"link text","value":"Cape May City"}
RESULT: {"using":"link text","value":"Cape May City"}
COMMAND: POST /session/31ef4fd0bb54f0b5dfefee9af5ac7baf/element/6d39c701-9641-4cdb-a1a5-c6b93b4b1692/click - {}
RESULT: {}
COMMAND: POST /session/31ef4fd0bb54f0b5dfefee9af5ac7baf/element - {"using":"link text","value":"Falcon Ridge Rd"}
RESULT: {"using":"link text","value":"Falcon Ridge Rd"}
COMMAND: POST /session/31ef4fd0bb54f0b5dfefee9af5ac7baf/element/88f760ad-893a-453a-abca-03334f3ba60d/click - {}
RESULT: {}
COMMAND: POST /session/31ef4fd0bb54f0b5dfefee9af5ac7baf/element - {"using":"partial link text","value":"Service"}
RESULT: {"using":"partial link text","value":"Service"}
COMMAND: GET /session/31ef4fd0bb54f0b5dfefee9af5ac7baf/element/75133acc-0bcb-4a11-89a3-8b2136be4b51/text - {}
RESULT: {}
COMMAND: POST /session/31ef4fd0bb54f0b5dfefee9af5ac7baf/element - {"using":"partial link text","value":"Service"}
RESULT: {"using":"partial link text","value":"Service"}
COMMAND: POST /session/31ef4fd0bb54f0b5dfefee9af5ac7baf/elements - {"using":"partial link text","value":"Service"}
RESULT: {"using":"partial link text","value":"Service"}
COMMAND: POST /session/31ef4fd0bb54f0b5dfefee9af5ac7baf/element - {"using":"partial link text","value":"Service"}
RESULT: {"using":"partial link text","value":"Service"}
COMMAND: POST /session/31ef4fd0bb54f0b5dfefee9af5ac7baf/element/75133acc-0bcb-4a11-89a3-8b2136be4b51/click - {}
RESULT: {}
COMMAND: POST /session/31ef4fd0bb54f0b5dfefee9af5ac7baf/element - {"using":"xpath","value":"//*[@id=\"kendoPSEGDocumentsGrid\"]/div[5]/span[2]"}
RESULT: {"using":"xpath","value":"//*[@id=\"kendoPSEGDocumentsGrid\"]/div[5]/span[2]"}
COMMAND: GET /session/31ef4fd0bb54f0b5dfefee9af5ac7baf/element/798ecac2-7e00-48d6-8caf-9abe8633b2f5/text - {}
RESULT: {}
COMMAND: POST /session/31ef4fd0bb54f0b5dfefee9af5ac7baf/element - {"using":"xpath","value":"//*[@id=\"tabSearch\"]"}
RESULT: {"using":"xpath","value":"//*[@id=\"tabSearch\"]"}
COMMAND: POST /session/31ef4fd0bb54f0b5dfefee9af5ac7baf/element/40bc487a-9737-4b01-82fc-977e8fcc201e/click - {}
RESULT: {}
COMMAND: POST /session/31ef4fd0bb54f0b5dfefee9af5ac7baf/element - {"using":"xpath","value":"//*[@id=\"advanceSearch\"]/div/div[1]/div[1]/span/span"}
RESULT: {"using":"xpath","value":"//*[@id=\"advanceSearch\"]/div/div[1]/div[1]/span/span"}
COMMAND: POST /session/31ef4fd0bb54f0b5dfefee9af5ac7baf/element/a0346c10-bd5d-4551-9f0d-5b7f71b1192c/click - {}
RESULT: {}
COMMAND: POST /session/31ef4fd0bb54f0b5dfefee9af5ac7baf/element - {"using":"xpath","value":"//*[@id=\"advDivision-list\"]/span/input"}
RESULT: {"using":"xpath","value":"//*[@id=\"advDivision-list\"]/span/input"}
COMMAND: POST /session/31ef4fd0bb54f0b5dfefee9af5ac7baf/element/c0c324eb-9bfd-4331-9737-c17790c9ed8f/clear - {}
RESULT: {}
COMMAND: POST /session/31ef4fd0bb54f0b5dfefee9af5ac7baf/element/c0c324eb-9bfd-4331-9737-c17790c9ed8f/value - {"text":"ATLANTIC"}
RESULT: {"text":"ATLANTIC"}
COMMAND: POST /session/31ef4fd0bb54f0b5dfefee9af5ac7baf/actions - {"actions":[{"type":"key","id":"keyboard","actions":[{"type":"keyDown","value":""},{"type":"keyUp","value":""}]}]}
RESULT: {"actions":[{"type":"key","id":"keyboard","actions":[{"type":"keyDown","value":""},{"type":"keyUp","value":""}]}]}
COMMAND: DELETE /session/31ef4fd0bb54f0b5dfefee9af5ac7baf/actions - {}
RESULT: {}
COMMAND: POST /session/31ef4fd0bb54f0b5dfefee9af5ac7baf/element - {"using":"xpath","value":"//*[@id=\"advanceSearch\"]/div/div[1]/div[2]/span/span"}
RESULT: {"using":"xpath","value":"//*[@id=\"advanceSearch\"]/div/div[1]/div[2]/span/span"}
COMMAND: POST /session/31ef4fd0bb54f0b5dfefee9af5ac7baf/element/fd5518d0-9c9c-4455-8e3d-cf9124dc8c5b/click - {}
RESULT: {}
COMMAND: POST /session/31ef4fd0bb54f0b5dfefee9af5ac7baf/element - {"using":"xpath","value":"//*[@id=\"advTown-list\"]/span/input"}
RESULT: {"using":"xpath","value":"//*[@id=\"advTown-list\"]/span/input"}
COMMAND: POST /session/31ef4fd0bb54f0b5dfefee9af5ac7baf/element/c68b0046-8f10-410a-840d-77d0c9636911/clear - {}
COMMAND: GET /session/31ef4fd0bb54f0b5dfefee9af5ac7baf/screenshot - {}
RESULT: {}
COMMAND: DELETE /session/31ef4fd0bb54f0b5dfefee9af5ac7baf - {}
RESULT: {}]]>
      
    </system-out>
    
    <system-err>
      
      <![CDATA[element not interactable
  (Session info: chrome=84.0.4147.125)
    at getErrorFromResponseBody (C:\Users\Alok's\Documents\WebDriverIO\node_modules\webdriver\build\utils.js:121:10)
    at WebDriverRequest._request (C:\Users\Alok's\Documents\WebDriverIO\node_modules\webdriver\build\request.js:149:56)
    at processTicksAndRejections (internal/process/task_queues.js:97:5)
    at async Element.elementErrorHandlerCallbackFn (C:\Users\Alok's\Documents\WebDriverIO\node_modules\webdriverio\build\middlewares.js:21:24)
    at async Element.setValue (C:\Users\Alok's\Documents\WebDriverIO\node_modules\webdriverio\build\commands\element\setValue.js:9:3)
    at async Element.runCommandWithHooks (C:\Users\Alok's\Documents\WebDriverIO\node_modules\@wdio\sync\build\wrapCommand.js:88:21)
    at Element.runCommandWithHooks (C:\Users\Alok's\Documents\WebDriverIO\node_modules\@wdio\sync\build\wrapCommand.js:82:22)
    at Element.wrapCommandFn (C:\Users\Alok's\Documents\WebDriverIO\node_modules\@wdio\sync\build\wrapCommand.js:59:40)
    at Element.elementErrorHandlerCallback (C:\Users\Alok's\Documents\WebDriverIO\node_modules\webdriverio\build\middlewares.js:40:8)
    at sjgFieldbookPage.checkAdvancedSearchCountHeader (C:\Users\Alok's\Documents\WebDriverIO\pages\sjgFieldbook.pages.js:243:49)
    at Context.<anonymous> (C:\Users\Alok's\Documents\WebDriverIO\test\documentFInder.test.js:27:57)
    at Context.executeSync (C:\Users\Alok's\Documents\WebDriverIO\node_modules\@wdio\sync\build\index.js:56:18)
    at C:\Users\Alok's\Documents\WebDriverIO\node_modules\@wdio\sync\build\index.js:82:70]]>
      
    </system-err>
    
  </testcase>
  
</testsuite>

<testsuite name="Verifying_identify_functionality" timestamp="2020-08-19T22:05:11" time="300.069" tests="1" failures="0" errors="1" skipped="0">
  
  <properties>
    
    <property name="specId" value="0"/>
    
    <property name="suiteName" value="Verifying identify functionality"/>
    
    <property name="capabilities" value="chrome.84_0_4147_125.windows"/>
    
    <property name="file" value=".\test\identify.test.js"/>
    
  </properties>
  
  <testcase classname="chrome.84_0_4147_125.windows.Verifying_identify_functionality" name="TC_006_Identify_functionality_for_division_locations" time="300.065">
    
    <error message="Timeout of 300000ms exceeded. The execution in the test &quot;Verifying identify functionality TC_006 Identify functionality for division locations&quot; took too long. Try to reduce the run time or increase your timeout for test specs (https://webdriver.io/docs/timeouts.html). (C:\Users\Alok&apos;s\Documents\WebDriverIO\test\identify.test.js)"/>
    
    <system-out>
      
      <![CDATA[COMMAND: POST /session/34c5e2f0501d5ca3eb9ae56eaa4f8e58/element - {"using":"css selector","value":"#searchButton"}
RESULT: {"using":"css selector","value":"#searchButton"}
COMMAND: POST /session/34c5e2f0501d5ca3eb9ae56eaa4f8e58/elements - {"using":"css selector","value":"#searchButton"}
RESULT: {"using":"css selector","value":"#searchButton"}
COMMAND: POST /session/34c5e2f0501d5ca3eb9ae56eaa4f8e58/elements - {"using":"css selector","value":"#searchButton"}
RESULT: {"using":"css selector","value":"#searchButton"}
COMMAND: POST /session/34c5e2f0501d5ca3eb9ae56eaa4f8e58/element - {"using":"css selector","value":"#searchButton"}
RESULT: {"using":"css selector","value":"#searchButton"}
COMMAND: POST /session/34c5e2f0501d5ca3eb9ae56eaa4f8e58/element/04e18a3f-ea9d-4917-b9ee-4aa480a97769/click - {}
RESULT: {}
COMMAND: POST /session/34c5e2f0501d5ca3eb9ae56eaa4f8e58/element - {"using":"css selector","value":"#searchBox"}
RESULT: {"using":"css selector","value":"#searchBox"}
COMMAND: POST /session/34c5e2f0501d5ca3eb9ae56eaa4f8e58/element/e818a53f-0d0a-44f6-ba84-1bf7c59ef544/value - {"text":"maryland ter, atlantic city, nj"}
RESULT: {"text":"maryland ter, atlantic city, nj"}
COMMAND: POST /session/34c5e2f0501d5ca3eb9ae56eaa4f8e58/element - {"using":"css selector","value":"#searchWidgetButton"}
RESULT: {"using":"css selector","value":"#searchWidgetButton"}
COMMAND: POST /session/34c5e2f0501d5ca3eb9ae56eaa4f8e58/element/1f9a03f8-8879-4b95-bc2e-d331b96dc1c5/click - {}
RESULT: {}
COMMAND: POST /session/34c5e2f0501d5ca3eb9ae56eaa4f8e58/element - {"using":"xpath","value":"//*[@id=\"kendoSearchGrid\"]/div[4]/table/tbody/tr"}
RESULT: {"using":"xpath","value":"//*[@id=\"kendoSearchGrid\"]/div[4]/table/tbody/tr"}
COMMAND: POST /session/34c5e2f0501d5ca3eb9ae56eaa4f8e58/elements - {"using":"xpath","value":"//*[@id=\"kendoSearchGrid\"]/div[4]/table/tbody/tr"}
RESULT: {"using":"xpath","value":"//*[@id=\"kendoSearchGrid\"]/div[4]/table/tbody/tr"}
COMMAND: POST /session/34c5e2f0501d5ca3eb9ae56eaa4f8e58/elements - {"using":"xpath","value":"//*[@id=\"kendoSearchGrid\"]/div[4]/table/tbody/tr"}
RESULT: {"using":"xpath","value":"//*[@id=\"kendoSearchGrid\"]/div[4]/table/tbody/tr"}
COMMAND: POST /session/34c5e2f0501d5ca3eb9ae56eaa4f8e58/elements - {"using":"xpath","value":"//*[@id=\"kendoSearchGrid\"]/div[4]/table/tbody/tr"}
RESULT: {"using":"xpath","value":"//*[@id=\"kendoSearchGrid\"]/div[4]/table/tbody/tr"}
COMMAND: POST /session/34c5e2f0501d5ca3eb9ae56eaa4f8e58/elements - {"using":"xpath","value":"//*[@id=\"kendoSearchGrid\"]/div[4]/table/tbody/tr"}
RESULT: {"using":"xpath","value":"//*[@id=\"kendoSearchGrid\"]/div[4]/table/tbody/tr"}
COMMAND: POST /session/34c5e2f0501d5ca3eb9ae56eaa4f8e58/elements - {"using":"xpath","value":"//*[@id=\"kendoSearchGrid\"]/div[4]/table/tbody/tr"}
RESULT: {"using":"xpath","value":"//*[@id=\"kendoSearchGrid\"]/div[4]/table/tbody/tr"}
COMMAND: POST /session/34c5e2f0501d5ca3eb9ae56eaa4f8e58/elements - {"using":"xpath","value":"//*[@id=\"kendoSearchGrid\"]/div[4]/table/tbody/tr"}
RESULT: {"using":"xpath","value":"//*[@id=\"kendoSearchGrid\"]/div[4]/table/tbody/tr"}
COMMAND: POST /session/34c5e2f0501d5ca3eb9ae56eaa4f8e58/elements - {"using":"xpath","value":"//*[@id=\"kendoSearchGrid\"]/div[4]/table/tbody/tr"}
RESULT: {"using":"xpath","value":"//*[@id=\"kendoSearchGrid\"]/div[4]/table/tbody/tr"}
COMMAND: POST /session/34c5e2f0501d5ca3eb9ae56eaa4f8e58/elements - {"using":"xpath","value":"//*[@id=\"kendoSearchGrid\"]/div[4]/table/tbody/tr"}
RESULT: {"using":"xpath","value":"//*[@id=\"kendoSearchGrid\"]/div[4]/table/tbody/tr"}
COMMAND: POST /session/34c5e2f0501d5ca3eb9ae56eaa4f8e58/elements - {"using":"xpath","value":"//*[@id=\"kendoSearchGrid\"]/div[4]/table/tbody/tr"}
RESULT: {"using":"xpath","value":"//*[@id=\"kendoSearchGrid\"]/div[4]/table/tbody/tr"}
COMMAND: POST /session/34c5e2f0501d5ca3eb9ae56eaa4f8e58/elements - {"using":"xpath","value":"//*[@id=\"kendoSearchGrid\"]/div[4]/table/tbody/tr"}
RESULT: {"using":"xpath","value":"//*[@id=\"kendoSearchGrid\"]/div[4]/table/tbody/tr"}
COMMAND: POST /session/34c5e2f0501d5ca3eb9ae56eaa4f8e58/elements - {"using":"xpath","value":"//*[@id=\"kendoSearchGrid\"]/div[4]/table/tbody/tr"}
RESULT: {"using":"xpath","value":"//*[@id=\"kendoSearchGrid\"]/div[4]/table/tbody/tr"}
COMMAND: POST /session/34c5e2f0501d5ca3eb9ae56eaa4f8e58/elements - {"using":"xpath","value":"//*[@id=\"kendoSearchGrid\"]/div[4]/table/tbody/tr"}
RESULT: {"using":"xpath","value":"//*[@id=\"kendoSearchGrid\"]/div[4]/table/tbody/tr"}
COMMAND: POST /session/34c5e2f0501d5ca3eb9ae56eaa4f8e58/elements - {"using":"xpath","value":"//*[@id=\"kendoSearchGrid\"]/div[4]/table/tbody/tr"}
RESULT: {"using":"xpath","value":"//*[@id=\"kendoSearchGrid\"]/div[4]/table/tbody/tr"}
COMMAND: POST /session/34c5e2f0501d5ca3eb9ae56eaa4f8e58/elements - {"using":"xpath","value":"//*[@id=\"kendoSearchGrid\"]/div[4]/table/tbody/tr"}
RESULT: {"using":"xpath","value":"//*[@id=\"kendoSearchGrid\"]/div[4]/table/tbody/tr"}
COMMAND: POST /session/34c5e2f0501d5ca3eb9ae56eaa4f8e58/elements - {"using":"xpath","value":"//*[@id=\"kendoSearchGrid\"]/div[4]/table/tbody/tr"}
RESULT: {"using":"xpath","value":"//*[@id=\"kendoSearchGrid\"]/div[4]/table/tbody/tr"}
COMMAND: POST /session/34c5e2f0501d5ca3eb9ae56eaa4f8e58/elements - {"using":"xpath","value":"//*[@id=\"kendoSearchGrid\"]/div[4]/table/tbody/tr"}
RESULT: {"using":"xpath","value":"//*[@id=\"kendoSearchGrid\"]/div[4]/table/tbody/tr"}
COMMAND: POST /session/34c5e2f0501d5ca3eb9ae56eaa4f8e58/elements - {"using":"xpath","value":"//*[@id=\"kendoSearchGrid\"]/div[4]/table/tbody/tr"}
RESULT: {"using":"xpath","value":"//*[@id=\"kendoSearchGrid\"]/div[4]/table/tbody/tr"}
COMMAND: POST /session/34c5e2f0501d5ca3eb9ae56eaa4f8e58/elements - {"using":"xpath","value":"//*[@id=\"kendoSearchGrid\"]/div[4]/table/tbody/tr"}
RESULT: {"using":"xpath","value":"//*[@id=\"kendoSearchGrid\"]/div[4]/table/tbody/tr"}
COMMAND: POST /session/34c5e2f0501d5ca3eb9ae56eaa4f8e58/elements - {"using":"xpath","value":"//*[@id=\"kendoSearchGrid\"]/div[4]/table/tbody/tr"}
RESULT: {"using":"xpath","value":"//*[@id=\"kendoSearchGrid\"]/div[4]/table/tbody/tr"}
COMMAND: POST /session/34c5e2f0501d5ca3eb9ae56eaa4f8e58/elements - {"using":"xpath","value":"//*[@id=\"kendoSearchGrid\"]/div[4]/table/tbody/tr"}
RESULT: {"using":"xpath","value":"//*[@id=\"kendoSearchGrid\"]/div[4]/table/tbody/tr"}
COMMAND: POST /session/34c5e2f0501d5ca3eb9ae56eaa4f8e58/elements - {"using":"xpath","value":"//*[@id=\"kendoSearchGrid\"]/div[4]/table/tbody/tr"}
RESULT: {"using":"xpath","value":"//*[@id=\"kendoSearchGrid\"]/div[4]/table/tbody/tr"}
COMMAND: POST /session/34c5e2f0501d5ca3eb9ae56eaa4f8e58/elements - {"using":"xpath","value":"//*[@id=\"kendoSearchGrid\"]/div[4]/table/tbody/tr"}
RESULT: {"using":"xpath","value":"//*[@id=\"kendoSearchGrid\"]/div[4]/table/tbody/tr"}
COMMAND: POST /session/34c5e2f0501d5ca3eb9ae56eaa4f8e58/elements - {"using":"xpath","value":"//*[@id=\"kendoSearchGrid\"]/div[4]/table/tbody/tr"}
RESULT: {"using":"xpath","value":"//*[@id=\"kendoSearchGrid\"]/div[4]/table/tbody/tr"}
COMMAND: POST /session/34c5e2f0501d5ca3eb9ae56eaa4f8e58/elements - {"using":"xpath","value":"//*[@id=\"kendoSearchGrid\"]/div[4]/table/tbody/tr"}
RESULT: {"using":"xpath","value":"//*[@id=\"kendoSearchGrid\"]/div[4]/table/tbody/tr"}
COMMAND: POST /session/34c5e2f0501d5ca3eb9ae56eaa4f8e58/elements - {"using":"xpath","value":"//*[@id=\"kendoSearchGrid\"]/div[4]/table/tbody/tr"}
RESULT: {"using":"xpath","value":"//*[@id=\"kendoSearchGrid\"]/div[4]/table/tbody/tr"}
COMMAND: POST /session/34c5e2f0501d5ca3eb9ae56eaa4f8e58/elements - {"using":"xpath","value":"//*[@id=\"kendoSearchGrid\"]/div[4]/table/tbody/tr"}
RESULT: {"using":"xpath","value":"//*[@id=\"kendoSearchGrid\"]/div[4]/table/tbody/tr"}
COMMAND: POST /session/34c5e2f0501d5ca3eb9ae56eaa4f8e58/elements - {"using":"xpath","value":"//*[@id=\"kendoSearchGrid\"]/div[4]/table/tbody/tr"}
RESULT: {"using":"xpath","value":"//*[@id=\"kendoSearchGrid\"]/div[4]/table/tbody/tr"}
COMMAND: POST /session/34c5e2f0501d5ca3eb9ae56eaa4f8e58/elements - {"using":"xpath","value":"//*[@id=\"kendoSearchGrid\"]/div[4]/table/tbody/tr"}
RESULT: {"using":"xpath","value":"//*[@id=\"kendoSearchGrid\"]/div[4]/table/tbody/tr"}
COMMAND: POST /session/34c5e2f0501d5ca3eb9ae56eaa4f8e58/elements - {"using":"xpath","value":"//*[@id=\"kendoSearchGrid\"]/div[4]/table/tbody/tr"}
RESULT: {"using":"xpath","value":"//*[@id=\"kendoSearchGrid\"]/div[4]/table/tbody/tr"}
COMMAND: POST /session/34c5e2f0501d5ca3eb9ae56eaa4f8e58/elements - {"using":"xpath","value":"//*[@id=\"kendoSearchGrid\"]/div[4]/table/tbody/tr"}
RESULT: {"using":"xpath","value":"//*[@id=\"kendoSearchGrid\"]/div[4]/table/tbody/tr"}
COMMAND: POST /session/34c5e2f0501d5ca3eb9ae56eaa4f8e58/elements - {"using":"xpath","value":"//*[@id=\"kendoSearchGrid\"]/div[4]/table/tbody/tr"}
RESULT: {"using":"xpath","value":"//*[@id=\"kendoSearchGrid\"]/div[4]/table/tbody/tr"}
COMMAND: POST /session/34c5e2f0501d5ca3eb9ae56eaa4f8e58/elements - {"using":"xpath","value":"//*[@id=\"kendoSearchGrid\"]/div[4]/table/tbody/tr"}
RESULT: {"using":"xpath","value":"//*[@id=\"kendoSearchGrid\"]/div[4]/table/tbody/tr"}
COMMAND: POST /session/34c5e2f0501d5ca3eb9ae56eaa4f8e58/elements - {"using":"xpath","value":"//*[@id=\"kendoSearchGrid\"]/div[4]/table/tbody/tr"}
RESULT: {"using":"xpath","value":"//*[@id=\"kendoSearchGrid\"]/div[4]/table/tbody/tr"}
COMMAND: POST /session/34c5e2f0501d5ca3eb9ae56eaa4f8e58/elements - {"using":"xpath","value":"//*[@id=\"kendoSearchGrid\"]/div[4]/table/tbody/tr"}
RESULT: {"using":"xpath","value":"//*[@id=\"kendoSearchGrid\"]/div[4]/table/tbody/tr"}
COMMAND: POST /session/34c5e2f0501d5ca3eb9ae56eaa4f8e58/elements - {"using":"xpath","value":"//*[@id=\"kendoSearchGrid\"]/div[4]/table/tbody/tr"}
RESULT: {"using":"xpath","value":"//*[@id=\"kendoSearchGrid\"]/div[4]/table/tbody/tr"}
COMMAND: POST /session/34c5e2f0501d5ca3eb9ae56eaa4f8e58/elements - {"using":"xpath","value":"//*[@id=\"kendoSearchGrid\"]/div[4]/table/tbody/tr"}
RESULT: {"using":"xpath","value":"//*[@id=\"kendoSearchGrid\"]/div[4]/table/tbody/tr"}
COMMAND: POST /session/34c5e2f0501d5ca3eb9ae56eaa4f8e58/elements - {"using":"xpath","value":"//*[@id=\"kendoSearchGrid\"]/div[4]/table/tbody/tr"}
RESULT: {"using":"xpath","value":"//*[@id=\"kendoSearchGrid\"]/div[4]/table/tbody/tr"}
COMMAND: POST /session/34c5e2f0501d5ca3eb9ae56eaa4f8e58/elements - {"using":"xpath","value":"//*[@id=\"kendoSearchGrid\"]/div[4]/table/tbody/tr"}
RESULT: {"using":"xpath","value":"//*[@id=\"kendoSearchGrid\"]/div[4]/table/tbody/tr"}
COMMAND: POST /session/34c5e2f0501d5ca3eb9ae56eaa4f8e58/elements - {"using":"xpath","value":"//*[@id=\"kendoSearchGrid\"]/div[4]/table/tbody/tr"}
RESULT: {"using":"xpath","value":"//*[@id=\"kendoSearchGrid\"]/div[4]/table/tbody/tr"}
COMMAND: POST /session/34c5e2f0501d5ca3eb9ae56eaa4f8e58/elements - {"using":"xpath","value":"//*[@id=\"kendoSearchGrid\"]/div[4]/table/tbody/tr"}
RESULT: {"using":"xpath","value":"//*[@id=\"kendoSearchGrid\"]/div[4]/table/tbody/tr"}
COMMAND: POST /session/34c5e2f0501d5ca3eb9ae56eaa4f8e58/elements - {"using":"xpath","value":"//*[@id=\"kendoSearchGrid\"]/div[4]/table/tbody/tr"}
RESULT: {"using":"xpath","value":"//*[@id=\"kendoSearchGrid\"]/div[4]/table/tbody/tr"}
COMMAND: POST /session/34c5e2f0501d5ca3eb9ae56eaa4f8e58/elements - {"using":"xpath","value":"//*[@id=\"kendoSearchGrid\"]/div[4]/table/tbody/tr"}
RESULT: {"using":"xpath","value":"//*[@id=\"kendoSearchGrid\"]/div[4]/table/tbody/tr"}
COMMAND: POST /session/34c5e2f0501d5ca3eb9ae56eaa4f8e58/elements - {"using":"xpath","value":"//*[@id=\"kendoSearchGrid\"]/div[4]/table/tbody/tr"}
RESULT: {"using":"xpath","value":"//*[@id=\"kendoSearchGrid\"]/div[4]/table/tbody/tr"}
COMMAND: POST /session/34c5e2f0501d5ca3eb9ae56eaa4f8e58/elements - {"using":"xpath","value":"//*[@id=\"kendoSearchGrid\"]/div[4]/table/tbody/tr"}
RESULT: {"using":"xpath","value":"//*[@id=\"kendoSearchGrid\"]/div[4]/table/tbody/tr"}
COMMAND: POST /session/34c5e2f0501d5ca3eb9ae56eaa4f8e58/elements - {"using":"xpath","value":"//*[@id=\"kendoSearchGrid\"]/div[4]/table/tbody/tr"}
RESULT: {"using":"xpath","value":"//*[@id=\"kendoSearchGrid\"]/div[4]/table/tbody/tr"}
COMMAND: POST /session/34c5e2f0501d5ca3eb9ae56eaa4f8e58/elements - {"using":"xpath","value":"//*[@id=\"kendoSearchGrid\"]/div[4]/table/tbody/tr"}
RESULT: {"using":"xpath","value":"//*[@id=\"kendoSearchGrid\"]/div[4]/table/tbody/tr"}
COMMAND: POST /session/34c5e2f0501d5ca3eb9ae56eaa4f8e58/elements - {"using":"xpath","value":"//*[@id=\"kendoSearchGrid\"]/div[4]/table/tbody/tr"}
RESULT: {"using":"xpath","value":"//*[@id=\"kendoSearchGrid\"]/div[4]/table/tbody/tr"}
COMMAND: POST /session/34c5e2f0501d5ca3eb9ae56eaa4f8e58/elements - {"using":"xpath","value":"//*[@id=\"kendoSearchGrid\"]/div[4]/table/tbody/tr"}
RESULT: {"using":"xpath","value":"//*[@id=\"kendoSearchGrid\"]/div[4]/table/tbody/tr"}
COMMAND: POST /session/34c5e2f0501d5ca3eb9ae56eaa4f8e58/elements - {"using":"xpath","value":"//*[@id=\"kendoSearchGrid\"]/div[4]/table/tbody/tr"}
RESULT: {"using":"xpath","value":"//*[@id=\"kendoSearchGrid\"]/div[4]/table/tbody/tr"}
COMMAND: POST /session/34c5e2f0501d5ca3eb9ae56eaa4f8e58/elements - {"using":"xpath","value":"//*[@id=\"kendoSearchGrid\"]/div[4]/table/tbody/tr"}
RESULT: {"using":"xpath","value":"//*[@id=\"kendoSearchGrid\"]/div[4]/table/tbody/tr"}
COMMAND: POST /session/34c5e2f0501d5ca3eb9ae56eaa4f8e58/elements - {"using":"xpath","value":"//*[@id=\"kendoSearchGrid\"]/div[4]/table/tbody/tr"}
RESULT: {"using":"xpath","value":"//*[@id=\"kendoSearchGrid\"]/div[4]/table/tbody/tr"}
COMMAND: POST /session/34c5e2f0501d5ca3eb9ae56eaa4f8e58/elements - {"using":"xpath","value":"//*[@id=\"kendoSearchGrid\"]/div[4]/table/tbody/tr"}
RESULT: {"using":"xpath","value":"//*[@id=\"kendoSearchGrid\"]/div[4]/table/tbody/tr"}
COMMAND: POST /session/34c5e2f0501d5ca3eb9ae56eaa4f8e58/elements - {"using":"xpath","value":"//*[@id=\"kendoSearchGrid\"]/div[4]/table/tbody/tr"}
RESULT: {"using":"xpath","value":"//*[@id=\"kendoSearchGrid\"]/div[4]/table/tbody/tr"}
COMMAND: POST /session/34c5e2f0501d5ca3eb9ae56eaa4f8e58/elements - {"using":"xpath","value":"//*[@id=\"kendoSearchGrid\"]/div[4]/table/tbody/tr"}
RESULT: {"using":"xpath","value":"//*[@id=\"kendoSearchGrid\"]/div[4]/table/tbody/tr"}
COMMAND: POST /session/34c5e2f0501d5ca3eb9ae56eaa4f8e58/elements - {"using":"xpath","value":"//*[@id=\"kendoSearchGrid\"]/div[4]/table/tbody/tr"}
RESULT: {"using":"xpath","value":"//*[@id=\"kendoSearchGrid\"]/div[4]/table/tbody/tr"}
COMMAND: POST /session/34c5e2f0501d5ca3eb9ae56eaa4f8e58/elements - {"using":"xpath","value":"//*[@id=\"kendoSearchGrid\"]/div[4]/table/tbody/tr"}
RESULT: {"using":"xpath","value":"//*[@id=\"kendoSearchGrid\"]/div[4]/table/tbody/tr"}
COMMAND: POST /session/34c5e2f0501d5ca3eb9ae56eaa4f8e58/elements - {"using":"xpath","value":"//*[@id=\"kendoSearchGrid\"]/div[4]/table/tbody/tr"}
RESULT: {"using":"xpath","value":"//*[@id=\"kendoSearchGrid\"]/div[4]/table/tbody/tr"}
COMMAND: POST /session/34c5e2f0501d5ca3eb9ae56eaa4f8e58/elements - {"using":"xpath","value":"//*[@id=\"kendoSearchGrid\"]/div[4]/table/tbody/tr"}
RESULT: {"using":"xpath","value":"//*[@id=\"kendoSearchGrid\"]/div[4]/table/tbody/tr"}
COMMAND: POST /session/34c5e2f0501d5ca3eb9ae56eaa4f8e58/elements - {"using":"xpath","value":"//*[@id=\"kendoSearchGrid\"]/div[4]/table/tbody/tr"}
RESULT: {"using":"xpath","value":"//*[@id=\"kendoSearchGrid\"]/div[4]/table/tbody/tr"}
COMMAND: POST /session/34c5e2f0501d5ca3eb9ae56eaa4f8e58/elements - {"using":"xpath","value":"//*[@id=\"kendoSearchGrid\"]/div[4]/table/tbody/tr"}
RESULT: {"using":"xpath","value":"//*[@id=\"kendoSearchGrid\"]/div[4]/table/tbody/tr"}
COMMAND: POST /session/34c5e2f0501d5ca3eb9ae56eaa4f8e58/elements - {"using":"xpath","value":"//*[@id=\"kendoSearchGrid\"]/div[4]/table/tbody/tr"}
RESULT: {"using":"xpath","value":"//*[@id=\"kendoSearchGrid\"]/div[4]/table/tbody/tr"}
COMMAND: POST /session/34c5e2f0501d5ca3eb9ae56eaa4f8e58/elements - {"using":"xpath","value":"//*[@id=\"kendoSearchGrid\"]/div[4]/table/tbody/tr"}
RESULT: {"using":"xpath","value":"//*[@id=\"kendoSearchGrid\"]/div[4]/table/tbody/tr"}
COMMAND: POST /session/34c5e2f0501d5ca3eb9ae56eaa4f8e58/elements - {"using":"xpath","value":"//*[@id=\"kendoSearchGrid\"]/div[4]/table/tbody/tr"}
RESULT: {"using":"xpath","value":"//*[@id=\"kendoSearchGrid\"]/div[4]/table/tbody/tr"}
COMMAND: POST /session/34c5e2f0501d5ca3eb9ae56eaa4f8e58/elements - {"using":"xpath","value":"//*[@id=\"kendoSearchGrid\"]/div[4]/table/tbody/tr"}
RESULT: {"using":"xpath","value":"//*[@id=\"kendoSearchGrid\"]/div[4]/table/tbody/tr"}
COMMAND: POST /session/34c5e2f0501d5ca3eb9ae56eaa4f8e58/elements - {"using":"xpath","value":"//*[@id=\"kendoSearchGrid\"]/div[4]/table/tbody/tr"}
RESULT: {"using":"xpath","value":"//*[@id=\"kendoSearchGrid\"]/div[4]/table/tbody/tr"}
COMMAND: POST /session/34c5e2f0501d5ca3eb9ae56eaa4f8e58/elements - {"using":"xpath","value":"//*[@id=\"kendoSearchGrid\"]/div[4]/table/tbody/tr"}
RESULT: {"using":"xpath","value":"//*[@id=\"kendoSearchGrid\"]/div[4]/table/tbody/tr"}
COMMAND: POST /session/34c5e2f0501d5ca3eb9ae56eaa4f8e58/elements - {"using":"xpath","value":"//*[@id=\"kendoSearchGrid\"]/div[4]/table/tbody/tr"}
RESULT: {"using":"xpath","value":"//*[@id=\"kendoSearchGrid\"]/div[4]/table/tbody/tr"}
COMMAND: POST /session/34c5e2f0501d5ca3eb9ae56eaa4f8e58/elements - {"using":"xpath","value":"//*[@id=\"kendoSearchGrid\"]/div[4]/table/tbody/tr"}
RESULT: {"using":"xpath","value":"//*[@id=\"kendoSearchGrid\"]/div[4]/table/tbody/tr"}
COMMAND: POST /session/34c5e2f0501d5ca3eb9ae56eaa4f8e58/elements - {"using":"xpath","value":"//*[@id=\"kendoSearchGrid\"]/div[4]/table/tbody/tr"}
RESULT: {"using":"xpath","value":"//*[@id=\"kendoSearchGrid\"]/div[4]/table/tbody/tr"}
COMMAND: POST /session/34c5e2f0501d5ca3eb9ae56eaa4f8e58/elements - {"using":"xpath","value":"//*[@id=\"kendoSearchGrid\"]/div[4]/table/tbody/tr"}
RESULT: {"using":"xpath","value":"//*[@id=\"kendoSearchGrid\"]/div[4]/table/tbody/tr"}
COMMAND: POST /session/34c5e2f0501d5ca3eb9ae56eaa4f8e58/elements - {"using":"xpath","value":"//*[@id=\"kendoSearchGrid\"]/div[4]/table/tbody/tr"}
RESULT: {"using":"xpath","value":"//*[@id=\"kendoSearchGrid\"]/div[4]/table/tbody/tr"}
COMMAND: POST /session/34c5e2f0501d5ca3eb9ae56eaa4f8e58/elements - {"using":"xpath","value":"//*[@id=\"kendoSearchGrid\"]/div[4]/table/tbody/tr"}
RESULT: {"using":"xpath","value":"//*[@id=\"kendoSearchGrid\"]/div[4]/table/tbody/tr"}
COMMAND: POST /session/34c5e2f0501d5ca3eb9ae56eaa4f8e58/elements - {"using":"xpath","value":"//*[@id=\"kendoSearchGrid\"]/div[4]/table/tbody/tr"}
RESULT: {"using":"xpath","value":"//*[@id=\"kendoSearchGrid\"]/div[4]/table/tbody/tr"}
COMMAND: POST /session/34c5e2f0501d5ca3eb9ae56eaa4f8e58/elements - {"using":"xpath","value":"//*[@id=\"kendoSearchGrid\"]/div[4]/table/tbody/tr"}
RESULT: {"using":"xpath","value":"//*[@id=\"kendoSearchGrid\"]/div[4]/table/tbody/tr"}
COMMAND: POST /session/34c5e2f0501d5ca3eb9ae56eaa4f8e58/elements - {"using":"xpath","value":"//*[@id=\"kendoSearchGrid\"]/div[4]/table/tbody/tr"}
RESULT: {"using":"xpath","value":"//*[@id=\"kendoSearchGrid\"]/div[4]/table/tbody/tr"}
COMMAND: POST /session/34c5e2f0501d5ca3eb9ae56eaa4f8e58/elements - {"using":"xpath","value":"//*[@id=\"kendoSearchGrid\"]/div[4]/table/tbody/tr"}
RESULT: {"using":"xpath","value":"//*[@id=\"kendoSearchGrid\"]/div[4]/table/tbody/tr"}
COMMAND: POST /session/34c5e2f0501d5ca3eb9ae56eaa4f8e58/elements - {"using":"xpath","value":"//*[@id=\"kendoSearchGrid\"]/div[4]/table/tbody/tr"}
RESULT: {"using":"xpath","value":"//*[@id=\"kendoSearchGrid\"]/div[4]/table/tbody/tr"}
COMMAND: POST /session/34c5e2f0501d5ca3eb9ae56eaa4f8e58/elements - {"using":"xpath","value":"//*[@id=\"kendoSearchGrid\"]/div[4]/table/tbody/tr"}
RESULT: {"using":"xpath","value":"//*[@id=\"kendoSearchGrid\"]/div[4]/table/tbody/tr"}
COMMAND: POST /session/34c5e2f0501d5ca3eb9ae56eaa4f8e58/elements - {"using":"xpath","value":"//*[@id=\"kendoSearchGrid\"]/div[4]/table/tbody/tr"}
RESULT: {"using":"xpath","value":"//*[@id=\"kendoSearchGrid\"]/div[4]/table/tbody/tr"}
COMMAND: POST /session/34c5e2f0501d5ca3eb9ae56eaa4f8e58/elements - {"using":"xpath","value":"//*[@id=\"kendoSearchGrid\"]/div[4]/table/tbody/tr"}
RESULT: {"using":"xpath","value":"//*[@id=\"kendoSearchGrid\"]/div[4]/table/tbody/tr"}
COMMAND: POST /session/34c5e2f0501d5ca3eb9ae56eaa4f8e58/elements - {"using":"xpath","value":"//*[@id=\"kendoSearchGrid\"]/div[4]/table/tbody/tr"}
RESULT: {"using":"xpath","value":"//*[@id=\"kendoSearchGrid\"]/div[4]/table/tbody/tr"}
COMMAND: POST /session/34c5e2f0501d5ca3eb9ae56eaa4f8e58/elements - {"using":"xpath","value":"//*[@id=\"kendoSearchGrid\"]/div[4]/table/tbody/tr"}
RESULT: {"using":"xpath","value":"//*[@id=\"kendoSearchGrid\"]/div[4]/table/tbody/tr"}
COMMAND: POST /session/34c5e2f0501d5ca3eb9ae56eaa4f8e58/elements - {"using":"xpath","value":"//*[@id=\"kendoSearchGrid\"]/div[4]/table/tbody/tr"}
RESULT: {"using":"xpath","value":"//*[@id=\"kendoSearchGrid\"]/div[4]/table/tbody/tr"}
COMMAND: POST /session/34c5e2f0501d5ca3eb9ae56eaa4f8e58/elements - {"using":"xpath","value":"//*[@id=\"kendoSearchGrid\"]/div[4]/table/tbody/tr"}
RESULT: {"using":"xpath","value":"//*[@id=\"kendoSearchGrid\"]/div[4]/table/tbody/tr"}
COMMAND: POST /session/34c5e2f0501d5ca3eb9ae56eaa4f8e58/elements - {"using":"xpath","value":"//*[@id=\"kendoSearchGrid\"]/div[4]/table/tbody/tr"}
RESULT: {"using":"xpath","value":"//*[@id=\"kendoSearchGrid\"]/div[4]/table/tbody/tr"}
COMMAND: POST /session/34c5e2f0501d5ca3eb9ae56eaa4f8e58/elements - {"using":"xpath","value":"//*[@id=\"kendoSearchGrid\"]/div[4]/table/tbody/tr"}
RESULT: {"using":"xpath","value":"//*[@id=\"kendoSearchGrid\"]/div[4]/table/tbody/tr"}
COMMAND: POST /session/34c5e2f0501d5ca3eb9ae56eaa4f8e58/elements - {"using":"xpath","value":"//*[@id=\"kendoSearchGrid\"]/div[4]/table/tbody/tr"}
RESULT: {"using":"xpath","value":"//*[@id=\"kendoSearchGrid\"]/div[4]/table/tbody/tr"}
COMMAND: POST /session/34c5e2f0501d5ca3eb9ae56eaa4f8e58/elements - {"using":"xpath","value":"//*[@id=\"kendoSearchGrid\"]/div[4]/table/tbody/tr"}
RESULT: {"using":"xpath","value":"//*[@id=\"kendoSearchGrid\"]/div[4]/table/tbody/tr"}
COMMAND: POST /session/34c5e2f0501d5ca3eb9ae56eaa4f8e58/elements - {"using":"xpath","value":"//*[@id=\"kendoSearchGrid\"]/div[4]/table/tbody/tr"}
RESULT: {"using":"xpath","value":"//*[@id=\"kendoSearchGrid\"]/div[4]/table/tbody/tr"}
COMMAND: POST /session/34c5e2f0501d5ca3eb9ae56eaa4f8e58/elements - {"using":"xpath","value":"//*[@id=\"kendoSearchGrid\"]/div[4]/table/tbody/tr"}
RESULT: {"using":"xpath","value":"//*[@id=\"kendoSearchGrid\"]/div[4]/table/tbody/tr"}
COMMAND: POST /session/34c5e2f0501d5ca3eb9ae56eaa4f8e58/elements - {"using":"xpath","value":"//*[@id=\"kendoSearchGrid\"]/div[4]/table/tbody/tr"}
RESULT: {"using":"xpath","value":"//*[@id=\"kendoSearchGrid\"]/div[4]/table/tbody/tr"}
COMMAND: POST /session/34c5e2f0501d5ca3eb9ae56eaa4f8e58/elements - {"using":"xpath","value":"//*[@id=\"kendoSearchGrid\"]/div[4]/table/tbody/tr"}
RESULT: {"using":"xpath","value":"//*[@id=\"kendoSearchGrid\"]/div[4]/table/tbody/tr"}
COMMAND: POST /session/34c5e2f0501d5ca3eb9ae56eaa4f8e58/elements - {"using":"xpath","value":"//*[@id=\"kendoSearchGrid\"]/div[4]/table/tbody/tr"}
RESULT: {"using":"xpath","value":"//*[@id=\"kendoSearchGrid\"]/div[4]/table/tbody/tr"}
COMMAND: POST /session/34c5e2f0501d5ca3eb9ae56eaa4f8e58/elements - {"using":"xpath","value":"//*[@id=\"kendoSearchGrid\"]/div[4]/table/tbody/tr"}
RESULT: {"using":"xpath","value":"//*[@id=\"kendoSearchGrid\"]/div[4]/table/tbody/tr"}
COMMAND: POST /session/34c5e2f0501d5ca3eb9ae56eaa4f8e58/elements - {"using":"xpath","value":"//*[@id=\"kendoSearchGrid\"]/div[4]/table/tbody/tr"}
RESULT: {"using":"xpath","value":"//*[@id=\"kendoSearchGrid\"]/div[4]/table/tbody/tr"}
COMMAND: POST /session/34c5e2f0501d5ca3eb9ae56eaa4f8e58/elements - {"using":"xpath","value":"//*[@id=\"kendoSearchGrid\"]/div[4]/table/tbody/tr"}
RESULT: {"using":"xpath","value":"//*[@id=\"kendoSearchGrid\"]/div[4]/table/tbody/tr"}
COMMAND: POST /session/34c5e2f0501d5ca3eb9ae56eaa4f8e58/elements - {"using":"xpath","value":"//*[@id=\"kendoSearchGrid\"]/div[4]/table/tbody/tr"}
RESULT: {"using":"xpath","value":"//*[@id=\"kendoSearchGrid\"]/div[4]/table/tbody/tr"}
COMMAND: POST /session/34c5e2f0501d5ca3eb9ae56eaa4f8e58/elements - {"using":"xpath","value":"//*[@id=\"kendoSearchGrid\"]/div[4]/table/tbody/tr"}
RESULT: {"using":"xpath","value":"//*[@id=\"kendoSearchGrid\"]/div[4]/table/tbody/tr"}
COMMAND: POST /session/34c5e2f0501d5ca3eb9ae56eaa4f8e58/elements - {"using":"xpath","value":"//*[@id=\"kendoSearchGrid\"]/div[4]/table/tbody/tr"}
RESULT: {"using":"xpath","value":"//*[@id=\"kendoSearchGrid\"]/div[4]/table/tbody/tr"}
COMMAND: POST /session/34c5e2f0501d5ca3eb9ae56eaa4f8e58/elements - {"using":"xpath","value":"//*[@id=\"kendoSearchGrid\"]/div[4]/table/tbody/tr"}
RESULT: {"using":"xpath","value":"//*[@id=\"kendoSearchGrid\"]/div[4]/table/tbody/tr"}
COMMAND: POST /session/34c5e2f0501d5ca3eb9ae56eaa4f8e58/elements - {"using":"xpath","value":"//*[@id=\"kendoSearchGrid\"]/div[4]/table/tbody/tr"}
RESULT: {"using":"xpath","value":"//*[@id=\"kendoSearchGrid\"]/div[4]/table/tbody/tr"}
COMMAND: POST /session/34c5e2f0501d5ca3eb9ae56eaa4f8e58/elements - {"using":"xpath","value":"//*[@id=\"kendoSearchGrid\"]/div[4]/table/tbody/tr"}
RESULT: {"using":"xpath","value":"//*[@id=\"kendoSearchGrid\"]/div[4]/table/tbody/tr"}
COMMAND: POST /session/34c5e2f0501d5ca3eb9ae56eaa4f8e58/elements - {"using":"xpath","value":"//*[@id=\"kendoSearchGrid\"]/div[4]/table/tbody/tr"}
RESULT: {"using":"xpath","value":"//*[@id=\"kendoSearchGrid\"]/div[4]/table/tbody/tr"}
COMMAND: POST /session/34c5e2f0501d5ca3eb9ae56eaa4f8e58/elements - {"using":"xpath","value":"//*[@id=\"kendoSearchGrid\"]/div[4]/table/tbody/tr"}
RESULT: {"using":"xpath","value":"//*[@id=\"kendoSearchGrid\"]/div[4]/table/tbody/tr"}
COMMAND: POST /session/34c5e2f0501d5ca3eb9ae56eaa4f8e58/elements - {"using":"xpath","value":"//*[@id=\"kendoSearchGrid\"]/div[4]/table/tbody/tr"}
RESULT: {"using":"xpath","value":"//*[@id=\"kendoSearchGrid\"]/div[4]/table/tbody/tr"}
COMMAND: POST /session/34c5e2f0501d5ca3eb9ae56eaa4f8e58/elements - {"using":"xpath","value":"//*[@id=\"kendoSearchGrid\"]/div[4]/table/tbody/tr"}
RESULT: {"using":"xpath","value":"//*[@id=\"kendoSearchGrid\"]/div[4]/table/tbody/tr"}
COMMAND: POST /session/34c5e2f0501d5ca3eb9ae56eaa4f8e58/elements - {"using":"xpath","value":"//*[@id=\"kendoSearchGrid\"]/div[4]/table/tbody/tr"}
RESULT: {"using":"xpath","value":"//*[@id=\"kendoSearchGrid\"]/div[4]/table/tbody/tr"}
COMMAND: POST /session/34c5e2f0501d5ca3eb9ae56eaa4f8e58/elements - {"using":"xpath","value":"//*[@id=\"kendoSearchGrid\"]/div[4]/table/tbody/tr"}
RESULT: {"using":"xpath","value":"//*[@id=\"kendoSearchGrid\"]/div[4]/table/tbody/tr"}
COMMAND: POST /session/34c5e2f0501d5ca3eb9ae56eaa4f8e58/elements - {"using":"xpath","value":"//*[@id=\"kendoSearchGrid\"]/div[4]/table/tbody/tr"}
RESULT: {"using":"xpath","value":"//*[@id=\"kendoSearchGrid\"]/div[4]/table/tbody/tr"}
COMMAND: POST /session/34c5e2f0501d5ca3eb9ae56eaa4f8e58/elements - {"using":"xpath","value":"//*[@id=\"kendoSearchGrid\"]/div[4]/table/tbody/tr"}
RESULT: {"using":"xpath","value":"//*[@id=\"kendoSearchGrid\"]/div[4]/table/tbody/tr"}
COMMAND: POST /session/34c5e2f0501d5ca3eb9ae56eaa4f8e58/elements - {"using":"xpath","value":"//*[@id=\"kendoSearchGrid\"]/div[4]/table/tbody/tr"}
RESULT: {"using":"xpath","value":"//*[@id=\"kendoSearchGrid\"]/div[4]/table/tbody/tr"}
COMMAND: POST /session/34c5e2f0501d5ca3eb9ae56eaa4f8e58/elements - {"using":"xpath","value":"//*[@id=\"kendoSearchGrid\"]/div[4]/table/tbody/tr"}
RESULT: {"using":"xpath","value":"//*[@id=\"kendoSearchGrid\"]/div[4]/table/tbody/tr"}
COMMAND: POST /session/34c5e2f0501d5ca3eb9ae56eaa4f8e58/elements - {"using":"xpath","value":"//*[@id=\"kendoSearchGrid\"]/div[4]/table/tbody/tr"}
RESULT: {"using":"xpath","value":"//*[@id=\"kendoSearchGrid\"]/div[4]/table/tbody/tr"}
COMMAND: POST /session/34c5e2f0501d5ca3eb9ae56eaa4f8e58/elements - {"using":"xpath","value":"//*[@id=\"kendoSearchGrid\"]/div[4]/table/tbody/tr"}
RESULT: {"using":"xpath","value":"//*[@id=\"kendoSearchGrid\"]/div[4]/table/tbody/tr"}
COMMAND: POST /session/34c5e2f0501d5ca3eb9ae56eaa4f8e58/elements - {"using":"xpath","value":"//*[@id=\"kendoSearchGrid\"]/div[4]/table/tbody/tr"}
RESULT: {"using":"xpath","value":"//*[@id=\"kendoSearchGrid\"]/div[4]/table/tbody/tr"}
COMMAND: POST /session/34c5e2f0501d5ca3eb9ae56eaa4f8e58/elements - {"using":"xpath","value":"//*[@id=\"kendoSearchGrid\"]/div[4]/table/tbody/tr"}
RESULT: {"using":"xpath","value":"//*[@id=\"kendoSearchGrid\"]/div[4]/table/tbody/tr"}
COMMAND: POST /session/34c5e2f0501d5ca3eb9ae56eaa4f8e58/elements - {"using":"xpath","value":"//*[@id=\"kendoSearchGrid\"]/div[4]/table/tbody/tr"}
RESULT: {"using":"xpath","value":"//*[@id=\"kendoSearchGrid\"]/div[4]/table/tbody/tr"}
COMMAND: POST /session/34c5e2f0501d5ca3eb9ae56eaa4f8e58/elements - {"using":"xpath","value":"//*[@id=\"kendoSearchGrid\"]/div[4]/table/tbody/tr"}
RESULT: {"using":"xpath","value":"//*[@id=\"kendoSearchGrid\"]/div[4]/table/tbody/tr"}
COMMAND: POST /session/34c5e2f0501d5ca3eb9ae56eaa4f8e58/elements - {"using":"xpath","value":"//*[@id=\"kendoSearchGrid\"]/div[4]/table/tbody/tr"}
RESULT: {"using":"xpath","value":"//*[@id=\"kendoSearchGrid\"]/div[4]/table/tbody/tr"}
COMMAND: POST /session/34c5e2f0501d5ca3eb9ae56eaa4f8e58/elements - {"using":"xpath","value":"//*[@id=\"kendoSearchGrid\"]/div[4]/table/tbody/tr"}
RESULT: {"using":"xpath","value":"//*[@id=\"kendoSearchGrid\"]/div[4]/table/tbody/tr"}
COMMAND: POST /session/34c5e2f0501d5ca3eb9ae56eaa4f8e58/elements - {"using":"xpath","value":"//*[@id=\"kendoSearchGrid\"]/div[4]/table/tbody/tr"}
RESULT: {"using":"xpath","value":"//*[@id=\"kendoSearchGrid\"]/div[4]/table/tbody/tr"}
COMMAND: POST /session/34c5e2f0501d5ca3eb9ae56eaa4f8e58/elements - {"using":"xpath","value":"//*[@id=\"kendoSearchGrid\"]/div[4]/table/tbody/tr"}
RESULT: {"using":"xpath","value":"//*[@id=\"kendoSearchGrid\"]/div[4]/table/tbody/tr"}
COMMAND: POST /session/34c5e2f0501d5ca3eb9ae56eaa4f8e58/elements - {"using":"xpath","value":"//*[@id=\"kendoSearchGrid\"]/div[4]/table/tbody/tr"}
RESULT: {"using":"xpath","value":"//*[@id=\"kendoSearchGrid\"]/div[4]/table/tbody/tr"}
COMMAND: POST /session/34c5e2f0501d5ca3eb9ae56eaa4f8e58/elements - {"using":"xpath","value":"//*[@id=\"kendoSearchGrid\"]/div[4]/table/tbody/tr"}
RESULT: {"using":"xpath","value":"//*[@id=\"kendoSearchGrid\"]/div[4]/table/tbody/tr"}
COMMAND: POST /session/34c5e2f0501d5ca3eb9ae56eaa4f8e58/elements - {"using":"xpath","value":"//*[@id=\"kendoSearchGrid\"]/div[4]/table/tbody/tr"}
RESULT: {"using":"xpath","value":"//*[@id=\"kendoSearchGrid\"]/div[4]/table/tbody/tr"}
COMMAND: POST /session/34c5e2f0501d5ca3eb9ae56eaa4f8e58/elements - {"using":"xpath","value":"//*[@id=\"kendoSearchGrid\"]/div[4]/table/tbody/tr"}
RESULT: {"using":"xpath","value":"//*[@id=\"kendoSearchGrid\"]/div[4]/table/tbody/tr"}
COMMAND: POST /session/34c5e2f0501d5ca3eb9ae56eaa4f8e58/elements - {"using":"xpath","value":"//*[@id=\"kendoSearchGrid\"]/div[4]/table/tbody/tr"}
RESULT: {"using":"xpath","value":"//*[@id=\"kendoSearchGrid\"]/div[4]/table/tbody/tr"}
COMMAND: POST /session/34c5e2f0501d5ca3eb9ae56eaa4f8e58/elements - {"using":"xpath","value":"//*[@id=\"kendoSearchGrid\"]/div[4]/table/tbody/tr"}
RESULT: {"using":"xpath","value":"//*[@id=\"kendoSearchGrid\"]/div[4]/table/tbody/tr"}
COMMAND: POST /session/34c5e2f0501d5ca3eb9ae56eaa4f8e58/elements - {"using":"xpath","value":"//*[@id=\"kendoSearchGrid\"]/div[4]/table/tbody/tr"}
RESULT: {"using":"xpath","value":"//*[@id=\"kendoSearchGrid\"]/div[4]/table/tbody/tr"}
COMMAND: POST /session/34c5e2f0501d5ca3eb9ae56eaa4f8e58/elements - {"using":"xpath","value":"//*[@id=\"kendoSearchGrid\"]/div[4]/table/tbody/tr"}
RESULT: {"using":"xpath","value":"//*[@id=\"kendoSearchGrid\"]/div[4]/table/tbody/tr"}
COMMAND: POST /session/34c5e2f0501d5ca3eb9ae56eaa4f8e58/elements - {"using":"xpath","value":"//*[@id=\"kendoSearchGrid\"]/div[4]/table/tbody/tr"}
RESULT: {"using":"xpath","value":"//*[@id=\"kendoSearchGrid\"]/div[4]/table/tbody/tr"}
COMMAND: POST /session/34c5e2f0501d5ca3eb9ae56eaa4f8e58/elements - {"using":"xpath","value":"//*[@id=\"kendoSearchGrid\"]/div[4]/table/tbody/tr"}
RESULT: {"using":"xpath","value":"//*[@id=\"kendoSearchGrid\"]/div[4]/table/tbody/tr"}
COMMAND: POST /session/34c5e2f0501d5ca3eb9ae56eaa4f8e58/elements - {"using":"xpath","value":"//*[@id=\"kendoSearchGrid\"]/div[4]/table/tbody/tr"}
RESULT: {"using":"xpath","value":"//*[@id=\"kendoSearchGrid\"]/div[4]/table/tbody/tr"}
COMMAND: POST /session/34c5e2f0501d5ca3eb9ae56eaa4f8e58/elements - {"using":"xpath","value":"//*[@id=\"kendoSearchGrid\"]/div[4]/table/tbody/tr"}
RESULT: {"using":"xpath","value":"//*[@id=\"kendoSearchGrid\"]/div[4]/table/tbody/tr"}
COMMAND: POST /session/34c5e2f0501d5ca3eb9ae56eaa4f8e58/elements - {"using":"xpath","value":"//*[@id=\"kendoSearchGrid\"]/div[4]/table/tbody/tr"}
RESULT: {"using":"xpath","value":"//*[@id=\"kendoSearchGrid\"]/div[4]/table/tbody/tr"}
COMMAND: POST /session/34c5e2f0501d5ca3eb9ae56eaa4f8e58/elements - {"using":"xpath","value":"//*[@id=\"kendoSearchGrid\"]/div[4]/table/tbody/tr"}
RESULT: {"using":"xpath","value":"//*[@id=\"kendoSearchGrid\"]/div[4]/table/tbody/tr"}
COMMAND: POST /session/34c5e2f0501d5ca3eb9ae56eaa4f8e58/elements - {"using":"xpath","value":"//*[@id=\"kendoSearchGrid\"]/div[4]/table/tbody/tr"}
RESULT: {"using":"xpath","value":"//*[@id=\"kendoSearchGrid\"]/div[4]/table/tbody/tr"}
COMMAND: POST /session/34c5e2f0501d5ca3eb9ae56eaa4f8e58/elements - {"using":"xpath","value":"//*[@id=\"kendoSearchGrid\"]/div[4]/table/tbody/tr"}
RESULT: {"using":"xpath","value":"//*[@id=\"kendoSearchGrid\"]/div[4]/table/tbody/tr"}
COMMAND: POST /session/34c5e2f0501d5ca3eb9ae56eaa4f8e58/elements - {"using":"xpath","value":"//*[@id=\"kendoSearchGrid\"]/div[4]/table/tbody/tr"}
RESULT: {"using":"xpath","value":"//*[@id=\"kendoSearchGrid\"]/div[4]/table/tbody/tr"}
COMMAND: POST /session/34c5e2f0501d5ca3eb9ae56eaa4f8e58/elements - {"using":"xpath","value":"//*[@id=\"kendoSearchGrid\"]/div[4]/table/tbody/tr"}
RESULT: {"using":"xpath","value":"//*[@id=\"kendoSearchGrid\"]/div[4]/table/tbody/tr"}
COMMAND: POST /session/34c5e2f0501d5ca3eb9ae56eaa4f8e58/elements - {"using":"xpath","value":"//*[@id=\"kendoSearchGrid\"]/div[4]/table/tbody/tr"}
RESULT: {"using":"xpath","value":"//*[@id=\"kendoSearchGrid\"]/div[4]/table/tbody/tr"}
COMMAND: POST /session/34c5e2f0501d5ca3eb9ae56eaa4f8e58/elements - {"using":"xpath","value":"//*[@id=\"kendoSearchGrid\"]/div[4]/table/tbody/tr"}
RESULT: {"using":"xpath","value":"//*[@id=\"kendoSearchGrid\"]/div[4]/table/tbody/tr"}
COMMAND: POST /session/34c5e2f0501d5ca3eb9ae56eaa4f8e58/elements - {"using":"xpath","value":"//*[@id=\"kendoSearchGrid\"]/div[4]/table/tbody/tr"}
RESULT: {"using":"xpath","value":"//*[@id=\"kendoSearchGrid\"]/div[4]/table/tbody/tr"}
COMMAND: POST /session/34c5e2f0501d5ca3eb9ae56eaa4f8e58/elements - {"using":"xpath","value":"//*[@id=\"kendoSearchGrid\"]/div[4]/table/tbody/tr"}
RESULT: {"using":"xpath","value":"//*[@id=\"kendoSearchGrid\"]/div[4]/table/tbody/tr"}
COMMAND: POST /session/34c5e2f0501d5ca3eb9ae56eaa4f8e58/elements - {"using":"xpath","value":"//*[@id=\"kendoSearchGrid\"]/div[4]/table/tbody/tr"}
RESULT: {"using":"xpath","value":"//*[@id=\"kendoSearchGrid\"]/div[4]/table/tbody/tr"}
COMMAND: POST /session/34c5e2f0501d5ca3eb9ae56eaa4f8e58/elements - {"using":"xpath","value":"//*[@id=\"kendoSearchGrid\"]/div[4]/table/tbody/tr"}
RESULT: {"using":"xpath","value":"//*[@id=\"kendoSearchGrid\"]/div[4]/table/tbody/tr"}
COMMAND: POST /session/34c5e2f0501d5ca3eb9ae56eaa4f8e58/elements - {"using":"xpath","value":"//*[@id=\"kendoSearchGrid\"]/div[4]/table/tbody/tr"}
RESULT: {"using":"xpath","value":"//*[@id=\"kendoSearchGrid\"]/div[4]/table/tbody/tr"}
COMMAND: POST /session/34c5e2f0501d5ca3eb9ae56eaa4f8e58/elements - {"using":"xpath","value":"//*[@id=\"kendoSearchGrid\"]/div[4]/table/tbody/tr"}
RESULT: {"using":"xpath","value":"//*[@id=\"kendoSearchGrid\"]/div[4]/table/tbody/tr"}
COMMAND: POST /session/34c5e2f0501d5ca3eb9ae56eaa4f8e58/elements - {"using":"xpath","value":"//*[@id=\"kendoSearchGrid\"]/div[4]/table/tbody/tr"}
RESULT: {"using":"xpath","value":"//*[@id=\"kendoSearchGrid\"]/div[4]/table/tbody/tr"}
COMMAND: POST /session/34c5e2f0501d5ca3eb9ae56eaa4f8e58/elements - {"using":"xpath","value":"//*[@id=\"kendoSearchGrid\"]/div[4]/table/tbody/tr"}
RESULT: {"using":"xpath","value":"//*[@id=\"kendoSearchGrid\"]/div[4]/table/tbody/tr"}
COMMAND: POST /session/34c5e2f0501d5ca3eb9ae56eaa4f8e58/elements - {"using":"xpath","value":"//*[@id=\"kendoSearchGrid\"]/div[4]/table/tbody/tr"}
RESULT: {"using":"xpath","value":"//*[@id=\"kendoSearchGrid\"]/div[4]/table/tbody/tr"}
COMMAND: POST /session/34c5e2f0501d5ca3eb9ae56eaa4f8e58/elements - {"using":"xpath","value":"//*[@id=\"kendoSearchGrid\"]/div[4]/table/tbody/tr"}
RESULT: {"using":"xpath","value":"//*[@id=\"kendoSearchGrid\"]/div[4]/table/tbody/tr"}
COMMAND: POST /session/34c5e2f0501d5ca3eb9ae56eaa4f8e58/elements - {"using":"xpath","value":"//*[@id=\"kendoSearchGrid\"]/div[4]/table/tbody/tr"}
RESULT: {"using":"xpath","value":"//*[@id=\"kendoSearchGrid\"]/div[4]/table/tbody/tr"}
COMMAND: POST /session/34c5e2f0501d5ca3eb9ae56eaa4f8e58/elements - {"using":"xpath","value":"//*[@id=\"kendoSearchGrid\"]/div[4]/table/tbody/tr"}
RESULT: {"using":"xpath","value":"//*[@id=\"kendoSearchGrid\"]/div[4]/table/tbody/tr"}
COMMAND: POST /session/34c5e2f0501d5ca3eb9ae56eaa4f8e58/elements - {"using":"xpath","value":"//*[@id=\"kendoSearchGrid\"]/div[4]/table/tbody/tr"}
RESULT: {"using":"xpath","value":"//*[@id=\"kendoSearchGrid\"]/div[4]/table/tbody/tr"}
COMMAND: POST /session/34c5e2f0501d5ca3eb9ae56eaa4f8e58/elements - {"using":"xpath","value":"//*[@id=\"kendoSearchGrid\"]/div[4]/table/tbody/tr"}
RESULT: {"using":"xpath","value":"//*[@id=\"kendoSearchGrid\"]/div[4]/table/tbody/tr"}
COMMAND: POST /session/34c5e2f0501d5ca3eb9ae56eaa4f8e58/elements - {"using":"xpath","value":"//*[@id=\"kendoSearchGrid\"]/div[4]/table/tbody/tr"}
RESULT: {"using":"xpath","value":"//*[@id=\"kendoSearchGrid\"]/div[4]/table/tbody/tr"}
COMMAND: POST /session/34c5e2f0501d5ca3eb9ae56eaa4f8e58/elements - {"using":"xpath","value":"//*[@id=\"kendoSearchGrid\"]/div[4]/table/tbody/tr"}
RESULT: {"using":"xpath","value":"//*[@id=\"kendoSearchGrid\"]/div[4]/table/tbody/tr"}
COMMAND: POST /session/34c5e2f0501d5ca3eb9ae56eaa4f8e58/elements - {"using":"xpath","value":"//*[@id=\"kendoSearchGrid\"]/div[4]/table/tbody/tr"}
RESULT: {"using":"xpath","value":"//*[@id=\"kendoSearchGrid\"]/div[4]/table/tbody/tr"}
[...]
COMMAND: DELETE /session/1893cb7b127979c084b85b9ffd734b1c/actions - {}
RESULT: {}
COMMAND: POST /session/1893cb7b127979c084b85b9ffd734b1c/actions - {"actions":[{"type":"pointer","id":"pointer1","parameters":{"pointerType":"mouse"},"actions":[{"type":"pointerMove","origin":{"sessionId":"1893cb7b127979c084b85b9ffd734b1c","elementId":"3dccd208-243a-4f5b-9a2f-41cc14eb45bf","element-6066-11e4-a52e-4f735466cecf":"3dccd208-243a-4f5b-9a2f-41cc14eb45bf","selector":"//*[@id=\"Powerbireports_label\"]","parent":{"capabilities":{"acceptInsecureCerts":false,"browserName":"chrome","browserVersion":"84.0.4147.125","chrome":{"chromedriverVersion":"84.0.4147.30 (48b3e868b4cc0aa7e8149519690b6f6949e110a8-refs/branch-heads/4147@{#310})","userDataDir":"C:\\Users\\Alok's\\AppData\\Local\\Temp\\scoped_dir14568_1246709109"},"goog:chromeOptions":{"debuggerAddress":"localhost:59925"},"networkConnectionEnabled":false,"pageLoadStrategy":"normal","platformName":"windows","proxy":{},"setWindowRect":true,"_":"5 more keys: [\"strictFileInteractability\",\"timeouts\",\"unhandledPromptBehavior\",\"webauthn:virtualAuthenticators\",\"webdriver.remote.sessionid\"]"},"config":{"specs":["./test/**/*.js"],"suites":{},"exclude":[],"logLevel":"info","logLevels":{},"excludeDriverLogs":[],"bail":0,"waitforInterval":500,"waitforTimeout":300000,"framework":"mocha","_":"40 more keys: [\"reporters\",\"services\",\"maxInstances\",\"maxInstancesPerCapability\",\"filesToWatch\",\"connectionRetryTimeout\",\"connectionRetryCount\",\"execArgv\",\"runnerEnv\",\"runner\",\"mochaOpts\",\"jasmineNodeOpts\",\"cucumberOpts\",\"onPrepare\",\"onWorkerStart\",\"before\",\"beforeSession\",\"beforeSuite\",\"beforeHook\",\"beforeTest\",\"beforeCommand\",\"afterCommand\",\"afterTest\",\"afterHook\",\"afterSuite\",\"afterSession\",\"after\",\"onComplete\",\"onReload\",\"beforeFeature\",\"beforeScenario\",\"beforeStep\",\"afterStep\",\"afterScenario\",\"afterFeature\",\"baseUrl\",\"_\",\"$0\",\"ignoredWorkerServices\",\"specFileRetryAttempts\"]"},"_NOT_FIBER":true},"isReactElement":false,"_NOT_FIBER":false},"x":600,"y":200},{"type":"pointerDown","button":0},{"type":"pointerUp","button":0}]}]}
RESULT: {"actions":[{"type":"pointer","id":"pointer1","parameters":{"pointerType":"mouse"},"actions":[{"type":"pointerMove","origin":{"sessionId":"1893cb7b127979c084b85b9ffd734b1c","elementId":"3dccd208-243a-4f5b-9a2f-41cc14eb45bf","element-6066-11e4-a52e-4f735466cecf":"3dccd208-243a-4f5b-9a2f-41cc14eb45bf","selector":"//*[@id=\"Powerbireports_label\"]","parent":{"capabilities":{"acceptInsecureCerts":false,"browserName":"chrome","browserVersion":"84.0.4147.125","chrome":{"chromedriverVersion":"84.0.4147.30 (48b3e868b4cc0aa7e8149519690b6f6949e110a8-refs/branch-heads/4147@{#310})","userDataDir":"C:\\Users\\Alok's\\AppData\\Local\\Temp\\scoped_dir14568_1246709109"},"goog:chromeOptions":{"debuggerAddress":"localhost:59925"},"networkConnectionEnabled":false,"pageLoadStrategy":"normal","platformName":"windows","proxy":{},"setWindowRect":true,"_":"5 more keys: [\"strictFileInteractability\",\"timeouts\",\"unhandledPromptBehavior\",\"webauthn:virtualAuthenticators\",\"webdriver.remote.sessionid\"]"},"config":{"specs":["./test/**/*.js"],"suites":{},"exclude":[],"logLevel":"info","logLevels":{},"excludeDriverLogs":[],"bail":0,"waitforInterval":500,"waitforTimeout":300000,"framework":"mocha","_":"40 more keys: [\"reporters\",\"services\",\"maxInstances\",\"maxInstancesPerCapability\",\"filesToWatch\",\"connectionRetryTimeout\",\"connectionRetryCount\",\"execArgv\",\"runnerEnv\",\"runner\",\"mochaOpts\",\"jasmineNodeOpts\",\"cucumberOpts\",\"onPrepare\",\"onWorkerStart\",\"before\",\"beforeSession\",\"beforeSuite\",\"beforeHook\",\"beforeTest\",\"beforeCommand\",\"afterCommand\",\"afterTest\",\"afterHook\",\"afterSuite\",\"afterSession\",\"after\",\"onComplete\",\"onReload\",\"beforeFeature\",\"beforeScenario\",\"beforeStep\",\"afterStep\",\"afterScenario\",\"afterFeature\",\"baseUrl\",\"_\",\"$0\",\"ignoredWorkerServices\",\"specFileRetryAttempts\"]"},"_NOT_FIBER":true},"isReactElement":false,"_NOT_FIBER":false},"x":600,"y":200},{"type":"pointerDown","button":0},{"type":"pointerUp","button":0}]}]}
COMMAND: DELETE /session/1893cb7b127979c084b85b9ffd734b1c/actions - {}
RESULT: {}
COMMAND: POST /session/1893cb7b127979c084b85b9ffd734b1c/element - {"using":"css selector","value":"#searchButton"}
RESULT: {"using":"css selector","value":"#searchButton"}
COMMAND: POST /session/1893cb7b127979c084b85b9ffd734b1c/element/efdf40f4-1d5b-43aa-9afb-075b771414d7/click - {}
RESULT: {}
COMMAND: POST /session/1893cb7b127979c084b85b9ffd734b1c/element - {"using":"xpath","value":"//*[@id=\"reverseGeocodeButton\"]"}
RESULT: {"using":"xpath","value":"//*[@id=\"reverseGeocodeButton\"]"}
COMMAND: POST /session/1893cb7b127979c084b85b9ffd734b1c/element/6a02c878-015b-4688-a06f-118e0b1c02e3/click - {}
RESULT: {}
COMMAND: POST /session/1893cb7b127979c084b85b9ffd734b1c/actions - {"actions":[{"type":"pointer","id":"pointer1","parameters":{"pointerType":"mouse"},"actions":[{"type":"pointerMove","origin":{"sessionId":"1893cb7b127979c084b85b9ffd734b1c","elementId":"3dccd208-243a-4f5b-9a2f-41cc14eb45bf","element-6066-11e4-a52e-4f735466cecf":"3dccd208-243a-4f5b-9a2f-41cc14eb45bf","selector":"//*[@id=\"Powerbireports_label\"]","parent":{"capabilities":{"acceptInsecureCerts":false,"browserName":"chrome","browserVersion":"84.0.4147.125","chrome":{"chromedriverVersion":"84.0.4147.30 (48b3e868b4cc0aa7e8149519690b6f6949e110a8-refs/branch-heads/4147@{#310})","userDataDir":"C:\\Users\\Alok's\\AppData\\Local\\Temp\\scoped_dir14568_1246709109"},"goog:chromeOptions":{"debuggerAddress":"localhost:59925"},"networkConnectionEnabled":false,"pageLoadStrategy":"normal","platformName":"windows","proxy":{},"setWindowRect":true,"_":"5 more keys: [\"strictFileInteractability\",\"timeouts\",\"unhandledPromptBehavior\",\"webauthn:virtualAuthenticators\",\"webdriver.remote.sessionid\"]"},"config":{"specs":["./test/**/*.js"],"suites":{},"exclude":[],"logLevel":"info","logLevels":{},"excludeDriverLogs":[],"bail":0,"waitforInterval":500,"waitforTimeout":300000,"framework":"mocha","_":"40 more keys: [\"reporters\",\"services\",\"maxInstances\",\"maxInstancesPerCapability\",\"filesToWatch\",\"connectionRetryTimeout\",\"connectionRetryCount\",\"execArgv\",\"runnerEnv\",\"runner\",\"mochaOpts\",\"jasmineNodeOpts\",\"cucumberOpts\",\"onPrepare\",\"onWorkerStart\",\"before\",\"beforeSession\",\"beforeSuite\",\"beforeHook\",\"beforeTest\",\"beforeCommand\",\"afterCommand\",\"afterTest\",\"afterHook\",\"afterSuite\",\"afterSession\",\"after\",\"onComplete\",\"onReload\",\"beforeFeature\",\"beforeScenario\",\"beforeStep\",\"afterStep\",\"afterScenario\",\"afterFeature\",\"baseUrl\",\"_\",\"$0\",\"ignoredWorkerServices\",\"specFileRetryAttempts\"]"},"_NOT_FIBER":true},"isReactElement":false,"_NOT_FIBER":false},"x":600,"y":200},{"type":"pointerDown","button":0},{"type":"pointerUp","button":0}]}]}
RESULT: {"actions":[{"type":"pointer","id":"pointer1","parameters":{"pointerType":"mouse"},"actions":[{"type":"pointerMove","origin":{"sessionId":"1893cb7b127979c084b85b9ffd734b1c","elementId":"3dccd208-243a-4f5b-9a2f-41cc14eb45bf","element-6066-11e4-a52e-4f735466cecf":"3dccd208-243a-4f5b-9a2f-41cc14eb45bf","selector":"//*[@id=\"Powerbireports_label\"]","parent":{"capabilities":{"acceptInsecureCerts":false,"browserName":"chrome","browserVersion":"84.0.4147.125","chrome":{"chromedriverVersion":"84.0.4147.30 (48b3e868b4cc0aa7e8149519690b6f6949e110a8-refs/branch-heads/4147@{#310})","userDataDir":"C:\\Users\\Alok's\\AppData\\Local\\Temp\\scoped_dir14568_1246709109"},"goog:chromeOptions":{"debuggerAddress":"localhost:59925"},"networkConnectionEnabled":false,"pageLoadStrategy":"normal","platformName":"windows","proxy":{},"setWindowRect":true,"_":"5 more keys: [\"strictFileInteractability\",\"timeouts\",\"unhandledPromptBehavior\",\"webauthn:virtualAuthenticators\",\"webdriver.remote.sessionid\"]"},"config":{"specs":["./test/**/*.js"],"suites":{},"exclude":[],"logLevel":"info","logLevels":{},"excludeDriverLogs":[],"bail":0,"waitforInterval":500,"waitforTimeout":300000,"framework":"mocha","_":"40 more keys: [\"reporters\",\"services\",\"maxInstances\",\"maxInstancesPerCapability\",\"filesToWatch\",\"connectionRetryTimeout\",\"connectionRetryCount\",\"execArgv\",\"runnerEnv\",\"runner\",\"mochaOpts\",\"jasmineNodeOpts\",\"cucumberOpts\",\"onPrepare\",\"onWorkerStart\",\"before\",\"beforeSession\",\"beforeSuite\",\"beforeHook\",\"beforeTest\",\"beforeCommand\",\"afterCommand\",\"afterTest\",\"afterHook\",\"afterSuite\",\"afterSession\",\"after\",\"onComplete\",\"onReload\",\"beforeFeature\",\"beforeScenario\",\"beforeStep\",\"afterStep\",\"afterScenario\",\"afterFeature\",\"baseUrl\",\"_\",\"$0\",\"ignoredWorkerServices\",\"specFileRetryAttempts\"]"},"_NOT_FIBER":true},"isReactElement":false,"_NOT_FIBER":false},"x":600,"y":200},{"type":"pointerDown","button":0},{"type":"pointerUp","button":0}]}]}
COMMAND: DELETE /session/1893cb7b127979c084b85b9ffd734b1c/actions - {}
RESULT: {}
COMMAND: POST /session/1893cb7b127979c084b85b9ffd734b1c/element - {"using":"xpath","value":"//*[@id=\"kendoSearchGrid\"]/div[4]/table/tbody/tr/td[2]"}
RESULT: {"using":"xpath","value":"//*[@id=\"kendoSearchGrid\"]/div[4]/table/tbody/tr/td[2]"}
COMMAND: GET /session/1893cb7b127979c084b85b9ffd734b1c/element/8668bc14-81c2-4551-80c8-d5cb7db880df/text - {}
RESULT: {}
COMMAND: POST /session/1893cb7b127979c084b85b9ffd734b1c/element - {"using":"xpath","value":"//*[@id=\"kendoSearchGrid\"]/div[4]/table/tbody/tr/td[3]"}
RESULT: {"using":"xpath","value":"//*[@id=\"kendoSearchGrid\"]/div[4]/table/tbody/tr/td[3]"}
COMMAND: GET /session/1893cb7b127979c084b85b9ffd734b1c/element/61ed1679-9148-437a-947c-38d6d782cc95/text - {}
RESULT: {}
COMMAND: DELETE /session/1893cb7b127979c084b85b9ffd734b1c - {}
RESULT: {}]]>
      
    </system-out>
    
  </testcase>
  
</testsuite>

<testsuite name="Verifying_Google_StreetView" timestamp="2020-08-19T22:16:02" time="32.378" tests="1" failures="0" errors="0" skipped="0">
  
  <properties>
    
    <property name="specId" value="0"/>
    
    <property name="suiteName" value="Verifying Google StreetView"/>
    
    <property name="capabilities" value="chrome.84_0_4147_125.windows"/>
    
    <property name="file" value=".\test\streetView.test.js"/>
    
  </properties>
  
  <testcase classname="chrome.84_0_4147_125.windows.Verifying_Google_StreetView" name="Should_verify_Google_streetview" time="32.376">
    
    <system-out>
      
      <![CDATA[COMMAND: POST /session/caaa42c32b8119807771fd6d9d271324/element - {"using":"css selector","value":"#searchButton"}
RESULT: {"using":"css selector","value":"#searchButton"}
COMMAND: POST /session/caaa42c32b8119807771fd6d9d271324/element/683c534e-5366-4f9f-a5f0-0fd12bc57337/click - {}
RESULT: {}
COMMAND: POST /session/caaa42c32b8119807771fd6d9d271324/element - {"using":"css selector","value":"#searchBox"}
RESULT: {"using":"css selector","value":"#searchBox"}
COMMAND: POST /session/caaa42c32b8119807771fd6d9d271324/element/3a796cb9-375e-4fa6-9e9a-11bcd742097f/value - {"text":"2701 Shore Road, Ocean View, NJ 08230, USA"}
RESULT: {"text":"2701 Shore Road, Ocean View, NJ 08230, USA"}
COMMAND: POST /session/caaa42c32b8119807771fd6d9d271324/element - {"using":"css selector","value":"#searchWidgetButton"}
RESULT: {"using":"css selector","value":"#searchWidgetButton"}
COMMAND: POST /session/caaa42c32b8119807771fd6d9d271324/element/acaf1d41-f47b-4d3b-a2d2-0aec80098173/click - {}
RESULT: {}
COMMAND: POST /session/caaa42c32b8119807771fd6d9d271324/element - {"using":"xpath","value":"//*[@id=\"kendoSearchGrid\"]/div[4]/table/tbody/tr"}
RESULT: {"using":"xpath","value":"//*[@id=\"kendoSearchGrid\"]/div[4]/table/tbody/tr"}
COMMAND: POST /session/caaa42c32b8119807771fd6d9d271324/elements - {"using":"xpath","value":"//*[@id=\"kendoSearchGrid\"]/div[4]/table/tbody/tr"}
RESULT: {"using":"xpath","value":"//*[@id=\"kendoSearchGrid\"]/div[4]/table/tbody/tr"}
COMMAND: POST /session/caaa42c32b8119807771fd6d9d271324/elements - {"using":"xpath","value":"//*[@id=\"kendoSearchGrid\"]/div[4]/table/tbody/tr"}
RESULT: {"using":"xpath","value":"//*[@id=\"kendoSearchGrid\"]/div[4]/table/tbody/tr"}
COMMAND: POST /session/caaa42c32b8119807771fd6d9d271324/elements - {"using":"xpath","value":"//*[@id=\"kendoSearchGrid\"]/div[4]/table/tbody/tr"}
RESULT: {"using":"xpath","value":"//*[@id=\"kendoSearchGrid\"]/div[4]/table/tbody/tr"}
COMMAND: POST /session/caaa42c32b8119807771fd6d9d271324/element - {"using":"xpath","value":"//*[@id=\"kendoSearchGrid\"]/div[4]/table/tbody/tr"}
RESULT: {"using":"xpath","value":"//*[@id=\"kendoSearchGrid\"]/div[4]/table/tbody/tr"}
COMMAND: POST /session/caaa42c32b8119807771fd6d9d271324/element/ff5ed9e0-1da4-4426-bf7b-c9fab9dd6922/click - {}
RESULT: {}
COMMAND: POST /session/caaa42c32b8119807771fd6d9d271324/element - {"using":"xpath","value":"/html/body/div[12]/div[1]/div/a[2]/span"}
RESULT: {"using":"xpath","value":"/html/body/div[12]/div[1]/div/a[2]/span"}
COMMAND: POST /session/caaa42c32b8119807771fd6d9d271324/elements - {"using":"xpath","value":"/html/body/div[12]/div[1]/div/a[2]/span"}
RESULT: {"using":"xpath","value":"/html/body/div[12]/div[1]/div/a[2]/span"}
COMMAND: POST /session/caaa42c32b8119807771fd6d9d271324/elements - {"using":"xpath","value":"/html/body/div[12]/div[1]/div/a[2]/span"}
RESULT: {"using":"xpath","value":"/html/body/div[12]/div[1]/div/a[2]/span"}
COMMAND: POST /session/caaa42c32b8119807771fd6d9d271324/element - {"using":"xpath","value":"/html/body/div[12]/div[1]/div/a[2]/span"}
RESULT: {"using":"xpath","value":"/html/body/div[12]/div[1]/div/a[2]/span"}
COMMAND: POST /session/caaa42c32b8119807771fd6d9d271324/element/e144a247-de98-4d1d-8dbe-43c15eafd1af/click - {}
RESULT: {}
COMMAND: POST /session/caaa42c32b8119807771fd6d9d271324/element - {"using":"css selector","value":"#streetviewButton_label"}
RESULT: {"using":"css selector","value":"#streetviewButton_label"}
COMMAND: POST /session/caaa42c32b8119807771fd6d9d271324/element/141d86fd-c25f-47ba-ac1f-9250a48c6161/click - {}
RESULT: {}
COMMAND: POST /session/caaa42c32b8119807771fd6d9d271324/element - {"using":"css selector","value":"#Powerbireports_label"}
RESULT: {"using":"css selector","value":"#Powerbireports_label"}
COMMAND: POST /session/caaa42c32b8119807771fd6d9d271324/actions - {"actions":[{"type":"pointer","id":"pointer1","parameters":{"pointerType":"mouse"},"actions":[{"type":"pointerMove","origin":{"sessionId":"caaa42c32b8119807771fd6d9d271324","elementId":"d4286ed8-3605-4ecf-b1ee-f5ecfddfb98d","element-6066-11e4-a52e-4f735466cecf":"d4286ed8-3605-4ecf-b1ee-f5ecfddfb98d","selector":"#Powerbireports_label","parent":{"capabilities":{"acceptInsecureCerts":false,"browserName":"chrome","browserVersion":"84.0.4147.125","chrome":{"chromedriverVersion":"84.0.4147.30 (48b3e868b4cc0aa7e8149519690b6f6949e110a8-refs/branch-heads/4147@{#310})","userDataDir":"C:\\Users\\Alok's\\AppData\\Local\\Temp\\scoped_dir23196_1905686270"},"goog:chromeOptions":{"debuggerAddress":"localhost:60026"},"networkConnectionEnabled":false,"pageLoadStrategy":"normal","platformName":"windows","proxy":{},"setWindowRect":true,"_":"5 more keys: [\"strictFileInteractability\",\"timeouts\",\"unhandledPromptBehavior\",\"webauthn:virtualAuthenticators\",\"webdriver.remote.sessionid\"]"},"config":{"specs":["./test/**/*.js"],"suites":{},"exclude":[],"logLevel":"info","logLevels":{},"excludeDriverLogs":[],"bail":0,"waitforInterval":500,"waitforTimeout":300000,"framework":"mocha","_":"40 more keys: [\"reporters\",\"services\",\"maxInstances\",\"maxInstancesPerCapability\",\"filesToWatch\",\"connectionRetryTimeout\",\"connectionRetryCount\",\"execArgv\",\"runnerEnv\",\"runner\",\"mochaOpts\",\"jasmineNodeOpts\",\"cucumberOpts\",\"onPrepare\",\"onWorkerStart\",\"before\",\"beforeSession\",\"beforeSuite\",\"beforeHook\",\"beforeTest\",\"beforeCommand\",\"afterCommand\",\"afterTest\",\"afterHook\",\"afterSuite\",\"afterSession\",\"after\",\"onComplete\",\"onReload\",\"beforeFeature\",\"beforeScenario\",\"beforeStep\",\"afterStep\",\"afterScenario\",\"afterFeature\",\"baseUrl\",\"_\",\"$0\",\"ignoredWorkerServices\",\"specFileRetryAttempts\"]"},"_NOT_FIBER":true},"isReactElement":false,"_NOT_FIBER":false},"x":227,"y":295},{"type":"pointerDown","button":0},{"type":"pointerUp","button":0}]}]}
RESULT: {"actions":[{"type":"pointer","id":"pointer1","parameters":{"pointerType":"mouse"},"actions":[{"type":"pointerMove","origin":{"sessionId":"caaa42c32b8119807771fd6d9d271324","elementId":"d4286ed8-3605-4ecf-b1ee-f5ecfddfb98d","element-6066-11e4-a52e-4f735466cecf":"d4286ed8-3605-4ecf-b1ee-f5ecfddfb98d","selector":"#Powerbireports_label","parent":{"capabilities":{"acceptInsecureCerts":false,"browserName":"chrome","browserVersion":"84.0.4147.125","chrome":{"chromedriverVersion":"84.0.4147.30 (48b3e868b4cc0aa7e8149519690b6f6949e110a8-refs/branch-heads/4147@{#310})","userDataDir":"C:\\Users\\Alok's\\AppData\\Local\\Temp\\scoped_dir23196_1905686270"},"goog:chromeOptions":{"debuggerAddress":"localhost:60026"},"networkConnectionEnabled":false,"pageLoadStrategy":"normal","platformName":"windows","proxy":{},"setWindowRect":true,"_":"5 more keys: [\"strictFileInteractability\",\"timeouts\",\"unhandledPromptBehavior\",\"webauthn:virtualAuthenticators\",\"webdriver.remote.sessionid\"]"},"config":{"specs":["./test/**/*.js"],"suites":{},"exclude":[],"logLevel":"info","logLevels":{},"excludeDriverLogs":[],"bail":0,"waitforInterval":500,"waitforTimeout":300000,"framework":"mocha","_":"40 more keys: [\"reporters\",\"services\",\"maxInstances\",\"maxInstancesPerCapability\",\"filesToWatch\",\"connectionRetryTimeout\",\"connectionRetryCount\",\"execArgv\",\"runnerEnv\",\"runner\",\"mochaOpts\",\"jasmineNodeOpts\",\"cucumberOpts\",\"onPrepare\",\"onWorkerStart\",\"before\",\"beforeSession\",\"beforeSuite\",\"beforeHook\",\"beforeTest\",\"beforeCommand\",\"afterCommand\",\"afterTest\",\"afterHook\",\"afterSuite\",\"afterSession\",\"after\",\"onComplete\",\"onReload\",\"beforeFeature\",\"beforeScenario\",\"beforeStep\",\"afterStep\",\"afterScenario\",\"afterFeature\",\"baseUrl\",\"_\",\"$0\",\"ignoredWorkerServices\",\"specFileRetryAttempts\"]"},"_NOT_FIBER":true},"isReactElement":false,"_NOT_FIBER":false},"x":227,"y":295},{"type":"pointerDown","button":0},{"type":"pointerUp","button":0}]}]}
COMMAND: DELETE /session/caaa42c32b8119807771fd6d9d271324/actions - {}
RESULT: {}
COMMAND: POST /session/caaa42c32b8119807771fd6d9d271324/element - {"using":"xpath","value":"//*[@id=\"divAddressText\"]/b"}
RESULT: {"using":"xpath","value":"//*[@id=\"divAddressText\"]/b"}
COMMAND: GET /session/caaa42c32b8119807771fd6d9d271324/element/c4406f94-0069-4bd7-91dd-68d5ae50ce26/text - {}
RESULT: {}
COMMAND: POST /session/caaa42c32b8119807771fd6d9d271324/element - {"using":"css selector","value":"#svWindow_wnd_title"}
RESULT: {"using":"css selector","value":"#svWindow_wnd_title"}
COMMAND: POST /session/caaa42c32b8119807771fd6d9d271324/execute/sync - {"script":"return (function isElementDisplayed(element) {\n  function nodeIsElement(node) {\n    if (!node) {\n      return false;\n    }\n\n    switch (node.nodeType) {\n      case Node.ELEMENT_NODE:\n      case Node.D ... (4720 more bytes)","args":[{"element-6066-11e4-a52e-4f735466cecf":"2d2b4dae-15a6-47d9-a47b-692b1481d152","ELEMENT":"2d2b4dae-15a6-47d9-a47b-692b1481d152"}]}
RESULT: {"script":"return (function isElementDisplayed(element) {\n  function nodeIsElement(node) {\n    if (!node) {\n      return false;\n    }\n\n    switch (node.nodeType) {\n      case Node.ELEMENT_NODE:\n      case Node.D ... (4720 more bytes)","args":[{"element-6066-11e4-a52e-4f735466cecf":"2d2b4dae-15a6-47d9-a47b-692b1481d152","ELEMENT":"2d2b4dae-15a6-47d9-a47b-692b1481d152"}]}
COMMAND: DELETE /session/caaa42c32b8119807771fd6d9d271324 - {}
RESULT: {}]]>
      
    </system-out>
    
  </testcase>
  
</testsuite>

</testsuites>