{"stats":{"suites":1,"tests":1,"passes":1,"pending":0,"failures":0,"start":"2020-08-26T12:59:51.321Z","end":"2020-08-26T13:00:10.912Z","duration":19591,"testsRegistered":1,"passPercent":100,"pendingPercent":0,"other":0,"hasOther":false,"skipped":0,"hasSkipped":false,"passPercentClass":"success","pendingPercentClass":"danger"},"suites":{"title":"","suites":[{"title":"Verifying legend components (chrome.84_0_4147_135.windows)","suites":[],"tests":[{"title":"Should verify legend layer Work Order Points","fullTitle":"Should verify legend layer Work Order Points","timedOut":false,"duration":9218,"speed":"fast","pass":true,"fail":false,"pending":false,"code":"","isRoot":false,"uuid":"1524e59f-c6ec-4967-bc90-87920d2df694","parentUUID":"1202aa16-c0b6-4588-b89e-3db9120978f2","skipped":false,"isHook":false,"context":"[{\"title\":\"Session Id\",\"value\":\"88cc0e1fc2453a5da1102963b2161dee\"}]","state":"passed","err":{}}],"pending":[],"root":false,"fullFile":"","file":"","passes":["1524e59f-c6ec-4967-bc90-87920d2df694"],"failures":[],"skipped":[],"duration":9231,"_timeout":0,"uuid":"1202aa16-c0b6-4588-b89e-3db9120978f2","beforeHooks":[],"afterHooks":[]}],"tests":[],"pending":[],"root":true,"fullFile":"","file":"","passes":[],"failures":[],"skipped":[],"duration":0,"_timeout":0,"uuid":"719c73f9-52c1-4176-9bda-a54f4033a3ae","beforeHooks":[],"afterHooks":[]},"copyrightYear":2020}