{"stats":{"suites":1,"tests":1,"passes":0,"pending":0,"failures":1,"start":"2020-08-26T13:06:09.200Z","end":"2020-08-26T13:11:10.160Z","duration":300960,"testsRegistered":1,"passPercent":0,"pendingPercent":0,"other":0,"hasOther":false,"skipped":0,"hasSkipped":false,"passPercentClass":"success","pendingPercentClass":"danger"},"suites":{"title":"","suites":[{"title":"Verifying Google StreetView (chrome.84_0_4147_135.windows)","suites":[],"tests":[{"title":"Should verify Google streetview","fullTitle":"Should verify Google streetview","timedOut":false,"duration":300073,"speed":"fast","pass":false,"fail":true,"pending":false,"code":"","isRoot":false,"uuid":"59cbc3c6-f15b-4342-8b7b-da03d8971a54","parentUUID":"bf14d125-dc4b-4813-b994-f710b34e0931","skipped":false,"isHook":false,"context":"[{\"title\":\"Session Id\",\"value\":\"943d4f636f5a92d50927083c34e629b2\"}]","state":"failed","err":{"name":"Error","message":"Timeout of 300000ms exceeded. The execution in the test \"Verifying Google StreetView Should verify Google streetview\" took too long. Try to reduce the run time or increase your timeout for test specs (https://webdriver.io/docs/timeouts.html). (C:\\Users\\Alok's\\Documents\\WebDriverIO\\test\\streetView.test.js)","estack":"Error: Timeout of 300000ms exceeded. The execution in the test \"Verifying Google StreetView Should verify Google streetview\" took too long. Try to reduce the run time or increase your timeout for test specs (https://webdriver.io/docs/timeouts.html). (C:\\Users\\Alok's\\Documents\\WebDriverIO\\test\\streetView.test.js)\n    at Test.Runnable._timeoutError (C:\\Users\\Alok's\\Documents\\WebDriverIO\\node_modules\\@wdio\\mocha-framework\\node_modules\\mocha\\lib\\runnable.js:425:10)\n    at Timeout.<anonymous> (C:\\Users\\Alok's\\Documents\\WebDriverIO\\node_modules\\@wdio\\mocha-framework\\node_modules\\mocha\\lib\\runnable.js:237:24)\n    at listOnTimeout (internal/timers.js:549:17)\n    at processTimers (internal/timers.js:492:7)","stack":"Error: Timeout of 300000ms exceeded. The execution in the test \"Verifying Google StreetView Should verify Google streetview\" took too long. Try to reduce the run time or increase your timeout for test specs (https://webdriver.io/docs/timeouts.html). (C:\\Users\\Alok's\\Documents\\WebDriverIO\\test\\streetView.test.js)\n    at Test.Runnable._timeoutError (C:\\Users\\Alok's\\Documents\\WebDriverIO\\node_modules\\@wdio\\mocha-framework\\node_modules\\mocha\\lib\\runnable.js:425:10)\n    at Timeout.<anonymous> (C:\\Users\\Alok's\\Documents\\WebDriverIO\\node_modules\\@wdio\\mocha-framework\\node_modules\\mocha\\lib\\runnable.js:237:24)\n    at listOnTimeout (internal/timers.js:549:17)\n    at processTimers (internal/timers.js:492:7)"}}],"pending":[],"root":false,"fullFile":"","file":"","passes":[],"failures":["59cbc3c6-f15b-4342-8b7b-da03d8971a54"],"skipped":[],"duration":300095,"_timeout":0,"uuid":"bf14d125-dc4b-4813-b994-f710b34e0931","beforeHooks":[],"afterHooks":[]}],"tests":[],"pending":[],"root":true,"fullFile":"","file":"","passes":[],"failures":[],"skipped":[],"duration":0,"_timeout":0,"uuid":"3e963ec9-a0fc-4e25-9669-46202f05283f","beforeHooks":[],"afterHooks":[]},"copyrightYear":2020}