{"stats":{"suites":1,"tests":1,"passes":0,"pending":1,"failures":0,"start":"2020-08-26T13:02:54.340Z","end":"2020-08-26T13:02:55.634Z","duration":1294,"testsRegistered":1,"passPercent":0,"pendingPercent":100,"other":0,"hasOther":false,"skipped":1,"hasSkipped":true,"passPercentClass":"success","pendingPercentClass":"danger"},"suites":{"title":"","suites":[{"title":"Verifying print functionality (chrome.84_0_4147_135.windows)","suites":[],"tests":[{"title":"Should display a new pdf tab for print","fullTitle":"Should display a new pdf tab for print","timedOut":false,"duration":0,"speed":"fast","pass":false,"fail":false,"pending":true,"code":"","isRoot":false,"uuid":"19f6b74e-287a-4a94-80f7-6105cb996502","parentUUID":"d3a6fede-dc32-4256-b69d-88de708e5384","skipped":true,"isHook":false,"context":"[{\"title\":\"Session Id\",\"value\":\"04d27c5ef8938cb1165cfc17d07ffee0\"}]","state":"skipped","err":{}}],"pending":["19f6b74e-287a-4a94-80f7-6105cb996502"],"root":false,"fullFile":"","file":"","passes":[],"failures":[],"skipped":["19f6b74e-287a-4a94-80f7-6105cb996502"],"duration":234,"_timeout":0,"uuid":"d3a6fede-dc32-4256-b69d-88de708e5384","beforeHooks":[],"afterHooks":[]}],"tests":[],"pending":[],"root":true,"fullFile":"","file":"","passes":[],"failures":[],"skipped":[],"duration":0,"_timeout":0,"uuid":"7577622c-bc09-4e34-bfd5-5bb5901e7387","beforeHooks":[],"afterHooks":[]},"copyrightYear":2020}