{"stats":{"suites":1,"tests":1,"passes":1,"pending":0,"failures":0,"start":"2020-08-26T13:03:50.291Z","end":"2020-08-26T13:04:59.793Z","duration":69502,"testsRegistered":1,"passPercent":100,"pendingPercent":0,"other":0,"hasOther":false,"skipped":0,"hasSkipped":false,"passPercentClass":"success","pendingPercentClass":"danger"},"suites":{"title":"","suites":[{"title":"Verifying feature and reverse geocode (chrome.84_0_4147_135.windows)","suites":[],"tests":[{"title":"Should verify tooltip after search","fullTitle":"Should verify tooltip after search","timedOut":false,"duration":68489,"speed":"fast","pass":true,"fail":false,"pending":false,"code":"","isRoot":false,"uuid":"7201d773-9377-4178-9ff9-482b424cc18d","parentUUID":"406a7de2-b7eb-4cad-a245-223f740d1166","skipped":false,"isHook":false,"context":"[{\"title\":\"Session Id\",\"value\":\"65ce33f1083aeff84b9bc09176c043b8\"}]","state":"passed","err":{}}],"pending":[],"root":false,"fullFile":"","file":"","passes":["7201d773-9377-4178-9ff9-482b424cc18d"],"failures":[],"skipped":[],"duration":68534,"_timeout":0,"uuid":"406a7de2-b7eb-4cad-a245-223f740d1166","beforeHooks":[],"afterHooks":[]}],"tests":[],"pending":[],"root":true,"fullFile":"","file":"","passes":[],"failures":[],"skipped":[],"duration":0,"_timeout":0,"uuid":"2b399fa9-24da-4bad-94d2-5f6e12e2202a","beforeHooks":[],"afterHooks":[]},"copyrightYear":2020}