{"stats":{"suites":1,"tests":1,"passes":1,"pending":0,"failures":0,"start":"2020-08-26T13:18:48.463Z","end":"2020-08-26T13:19:21.564Z","duration":33101,"testsRegistered":1,"passPercent":100,"pendingPercent":0,"other":0,"hasOther":false,"skipped":0,"hasSkipped":false,"passPercentClass":"success","pendingPercentClass":"danger"},"suites":{"title":"","suites":[{"title":"Verifying Google StreetView (chrome.84_0_4147_135.windows)","suites":[],"tests":[{"title":"Should verify Google streetview","fullTitle":"Should verify Google streetview","timedOut":false,"duration":32515,"speed":"fast","pass":true,"fail":false,"pending":false,"code":"","isRoot":false,"uuid":"0b28939d-56f8-4119-be70-b4a71620ff88","parentUUID":"01eb2942-128d-4f6d-abc4-b0116e87a8df","skipped":false,"isHook":false,"context":"[{\"title\":\"Session Id\",\"value\":\"481aaa04a4d50210adfab739ffff92a9\"}]","state":"passed","err":{}}],"pending":[],"root":false,"fullFile":"","file":"","passes":["0b28939d-56f8-4119-be70-b4a71620ff88"],"failures":[],"skipped":[],"duration":32527,"_timeout":0,"uuid":"01eb2942-128d-4f6d-abc4-b0116e87a8df","beforeHooks":[],"afterHooks":[]}],"tests":[],"pending":[],"root":true,"fullFile":"","file":"","passes":[],"failures":[],"skipped":[],"duration":0,"_timeout":0,"uuid":"84501ebe-dedb-4f0f-858a-1c68886df5fe","beforeHooks":[],"afterHooks":[]},"copyrightYear":2020}