{"stats":{"suites":1,"tests":1,"passes":1,"pending":0,"failures":0,"start":"2020-08-26T12:54:33.315Z","end":"2020-08-26T12:56:12.163Z","duration":98848,"testsRegistered":1,"passPercent":100,"pendingPercent":0,"other":0,"hasOther":false,"skipped":0,"hasSkipped":false,"passPercentClass":"success","pendingPercentClass":"danger"},"suites":{"title":"","suites":[{"title":"Verifying document finder count displayed (chrome.84_0_4147_135.windows)","suites":[],"tests":[{"title":"verify main asbuilt,service asbuilt count by town and street and advanced search","fullTitle":"verify main asbuilt,service asbuilt count by town and street and advanced search","timedOut":false,"duration":87539,"speed":"fast","pass":true,"fail":false,"pending":false,"code":"","isRoot":false,"uuid":"ff4193e8-3116-400e-a4aa-a9607361da1f","parentUUID":"cda2033b-4362-408e-ad43-8283b3700069","skipped":false,"isHook":false,"context":"[{\"title\":\"Session Id\",\"value\":\"45739b35a95f87223a1825fddec83d50\"}]","state":"passed","err":{}}],"pending":[],"root":false,"fullFile":"","file":"","passes":["ff4193e8-3116-400e-a4aa-a9607361da1f"],"failures":[],"skipped":[],"duration":87553,"_timeout":0,"uuid":"cda2033b-4362-408e-ad43-8283b3700069","beforeHooks":[],"afterHooks":[]}],"tests":[],"pending":[],"root":true,"fullFile":"","file":"","passes":[],"failures":[],"skipped":[],"duration":0,"_timeout":0,"uuid":"11df4033-8ab9-4a7c-ab15-db8c844b4dbf","beforeHooks":[],"afterHooks":[]},"copyrightYear":2020}